2025-06-16 19:39:32,824 - INFO - üöÄ Iniciando procesamiento de novela en: https://www.royalroad.com/fiction/28578/unfathomable-senior/chapter/430727/chapter-18
2025-06-16 19:39:32,824 - INFO - Configurando Chrome con traducci√≥n (Intento 1/3)...
2025-06-16 19:39:34,906 - INFO - ‚úÖ Chrome con traducci√≥n configurado exitosamente
2025-06-16 19:39:39,480 - INFO - ‚úÖ Banner de cookies cerrado.
2025-06-16 19:39:39,681 - INFO - üöÄ Iniciando procesamiento de cap√≠tulo en: https://www.royalroad.com/fiction/28578/unfathomable-senior/chapter/430727/chapter-18
2025-06-16 19:39:40,824 - INFO - üîÅ Cap√≠tulo existente: 781 - actualizando si est√° incompleto
2025-06-16 19:39:40,826 - INFO - üîä Generando audio para: chapter_781.mp3
2025-06-16 19:40:04,466 - INFO - ‚úÖ Audio subido exitosamente: chapter_781.mp3
2025-06-16 19:40:04,638 - INFO - ‚úÖ Cap√≠tulo actualizado: 781
2025-06-16 19:40:05,986 - INFO - üîú Procesando siguiente cap√≠tulo: https://www.royalroad.com/fiction/28578/unfathomable-senior/chapter/430954/chapter-19
2025-06-16 19:40:08,279 - INFO - üöÄ Iniciando procesamiento de cap√≠tulo en: https://www.royalroad.com/fiction/28578/unfathomable-senior/chapter/430954/chapter-19
2025-06-16 19:40:08,774 - INFO - üîÅ Cap√≠tulo existente: 782 - actualizando si est√° incompleto
2025-06-16 19:40:08,775 - INFO - üîä Generando audio para: chapter_782.mp3
2025-06-16 19:40:15,166 - INFO - ‚úÖ Audio subido exitosamente: chapter_782.mp3
2025-06-16 19:40:15,287 - INFO - ‚úÖ Cap√≠tulo actualizado: 782
2025-06-16 19:40:17,574 - INFO - ‚úÖ Proceso completado - Driver cerrado
2025-06-16 20:15:23,072 - INFO - D:\PRUEBAS\drf-scrapping\api\models.py changed, reloading.
2025-06-16 20:15:32,042 - INFO - D:\PRUEBAS\drf-scrapping\api\models.py changed, reloading.
2025-06-16 20:16:12,082 - INFO - D:\PRUEBAS\drf-scrapping\scrap\scrap_chapters_list.py changed, reloading.
2025-06-16 20:23:46,995 - INFO - D:\PRUEBAS\drf-scrapping\api\models.py changed, reloading.
2025-06-16 20:23:59,043 - INFO - D:\PRUEBAS\drf-scrapping\api\models.py changed, reloading.
2025-06-16 20:24:04,512 - INFO - D:\PRUEBAS\drf-scrapping\api\models.py changed, reloading.
2025-06-16 20:24:08,998 - INFO - D:\PRUEBAS\drf-scrapping\api\models.py changed, reloading.
2025-06-16 20:24:14,527 - INFO - D:\PRUEBAS\drf-scrapping\api\models.py changed, reloading.
2025-06-16 20:25:33,404 - INFO - D:\PRUEBAS\drf-scrapping\scrap\scrap_chapters_list.py changed, reloading.
2025-06-16 20:25:37,838 - INFO - D:\PRUEBAS\drf-scrapping\scrap\scrap_chapters_list.py changed, reloading.
2025-06-16 20:25:42,454 - INFO - D:\PRUEBAS\drf-scrapping\scrap\scrap_chapters_list.py changed, reloading.
2025-06-16 20:25:50,019 - INFO - D:\PRUEBAS\drf-scrapping\scrap\scrap_chapters_list.py changed, reloading.
2025-06-16 20:25:55,969 - INFO - D:\PRUEBAS\drf-scrapping\scrap\scrap_chapters_list.py changed, reloading.
2025-06-16 20:26:31,240 - INFO - D:\PRUEBAS\drf-scrapping\scrap\scrap_chapters_list.py changed, reloading.
2025-06-16 20:27:17,496 - INFO - D:\PRUEBAS\drf-scrapping\scrap\scrap_chapters_list.py changed, reloading.
2025-06-16 20:27:21,818 - INFO - D:\PRUEBAS\drf-scrapping\scrap\scrap_chapters_list.py changed, reloading.
2025-06-16 20:27:57,998 - INFO - D:\PRUEBAS\drf-scrapping\scrap\scrap_chapters_list.py changed, reloading.
2025-06-16 20:28:03,565 - INFO - D:\PRUEBAS\drf-scrapping\scrap\scrap_chapters_list.py changed, reloading.
2025-06-16 20:28:07,891 - INFO - D:\PRUEBAS\drf-scrapping\scrap\scrap_chapters_list.py changed, reloading.
2025-06-16 20:28:39,797 - INFO - D:\PRUEBAS\drf-scrapping\scrap\scrap_chapters_list.py changed, reloading.
2025-06-16 20:28:56,373 - INFO - D:\PRUEBAS\drf-scrapping\scrap\scrap_chapters_list.py changed, reloading.
2025-06-16 20:29:01,193 - INFO - D:\PRUEBAS\drf-scrapping\scrap\scrap_chapters_list.py changed, reloading.
2025-06-16 20:29:05,654 - INFO - D:\PRUEBAS\drf-scrapping\scrap\scrap_chapters_list.py changed, reloading.
2025-06-16 20:29:12,145 - INFO - D:\PRUEBAS\drf-scrapping\scrap\scrap_chapters_list.py changed, reloading.
2025-06-16 20:35:51,497 - INFO - D:\PRUEBAS\drf-scrapping\scrap\scrap_chapters_list.py changed, reloading.
2025-06-16 20:35:56,434 - INFO - D:\PRUEBAS\drf-scrapping\scrap\scrap_chapters_list.py changed, reloading.
2025-06-16 20:36:01,478 - INFO - D:\PRUEBAS\drf-scrapping\scrap\scrap_chapters_list.py changed, reloading.
2025-06-16 20:36:11,416 - INFO - D:\PRUEBAS\drf-scrapping\scrap\scrap_chapters_list.py changed, reloading.
2025-06-16 20:36:16,883 - INFO - D:\PRUEBAS\drf-scrapping\scrap\scrap_chapters_list.py changed, reloading.
2025-06-16 20:37:18,736 - INFO - D:\PRUEBAS\drf-scrapping\scrap\scrap_chapters_list.py changed, reloading.
2025-06-16 20:38:04,736 - INFO - D:\PRUEBAS\drf-scrapping\scrap\scrap_chapters_list.py changed, reloading.
2025-06-16 20:40:56,792 - INFO - D:\PRUEBAS\drf-scrapping\api\serializer.py changed, reloading.
2025-06-16 20:41:05,503 - INFO - D:\PRUEBAS\drf-scrapping\api\serializer.py changed, reloading.
2025-06-16 20:58:09,710 - WARNING - Not Found: /api/novels/undefined/
2025-06-16 20:58:09,717 - WARNING - Not Found: /api/novels/undefined/
2025-06-16 21:06:47,524 - INFO - üöÄ Iniciando procesamiento de novela en: https://www.royalroad.com/fiction/92144/the-legend-of-william-oh/chapter/1763714/chapter-1-he-who-has-no-class
2025-06-16 21:06:47,524 - INFO - Configurando Chrome con traducci√≥n (Intento 1/3)...
2025-06-16 21:06:48,835 - INFO - ‚úÖ Chrome con traducci√≥n configurado exitosamente
2025-06-16 21:06:55,045 - INFO - ‚úÖ Banner de cookies cerrado.
2025-06-16 21:06:55,246 - INFO - üöÄ Iniciando procesamiento de cap√≠tulo en: https://www.royalroad.com/fiction/92144/the-legend-of-william-oh/chapter/1763714/chapter-1-he-who-has-no-class
2025-06-16 21:06:56,541 - INFO - üîÅ Cap√≠tulo existente: 1720 - actualizando si est√° incompleto
2025-06-16 21:06:56,542 - INFO - üîä Generando audio para: chapter_1720.mp3
2025-06-16 21:07:07,417 - INFO - üöÄ Iniciando procesamiento de novela en: https://www.royalroad.com/fiction/92144/the-legend-of-william-oh/chapter/1763714/chapter-1-he-who-has-no-class
2025-06-16 21:07:07,418 - INFO - Configurando Chrome con traducci√≥n (Intento 1/3)...
2025-06-16 21:07:08,738 - INFO - ‚úÖ Chrome con traducci√≥n configurado exitosamente
2025-06-16 21:07:14,621 - INFO - ‚úÖ Banner de cookies cerrado.
2025-06-16 21:07:14,822 - INFO - üöÄ Iniciando procesamiento de cap√≠tulo en: https://www.royalroad.com/fiction/92144/the-legend-of-william-oh/chapter/1763714/chapter-1-he-who-has-no-class
2025-06-16 21:07:16,141 - INFO - üîÅ Cap√≠tulo existente: 1720 - actualizando si est√° incompleto
2025-06-16 21:07:16,143 - INFO - üîä Generando audio para: chapter_1720.mp3
2025-06-16 21:07:32,511 - ERROR - ‚ùå Error al generar audio: [WinError 32] El proceso no tiene acceso al archivo porque est√° siendo utilizado por otro proceso: 'C:\\Users\\Usuario\\AppData\\Local\\Temp\\drf_scrapping_audio\\chapter_1720.mp3'
2025-06-16 21:07:32,749 - INFO - ‚úÖ Cap√≠tulo actualizado: 1720
2025-06-16 21:07:34,225 - INFO - üîú Procesando siguiente cap√≠tulo: https://www.royalroad.com/fiction/92144/the-legend-of-william-oh/chapter/1764028/chapter-2-life-goals
2025-06-16 21:07:37,157 - INFO - üöÄ Iniciando procesamiento de cap√≠tulo en: https://www.royalroad.com/fiction/92144/the-legend-of-william-oh/chapter/1764028/chapter-2-life-goals
2025-06-16 21:07:37,556 - INFO - üîÅ Cap√≠tulo existente: 1721 - actualizando si est√° incompleto
2025-06-16 21:07:37,556 - INFO - üîä Generando audio para: chapter_1721.mp3
2025-06-16 21:08:29,400 - INFO - ‚úÖ Audio subido exitosamente: chapter_1721.mp3
2025-06-16 21:08:29,523 - INFO - ‚úÖ Cap√≠tulo actualizado: 1721
2025-06-16 21:08:32,015 - INFO - ‚úÖ Proceso completado - Driver cerrado
2025-06-16 21:09:57,693 - INFO - ‚úÖ Audio subido exitosamente: chapter_1720.mp3
2025-06-16 21:09:57,936 - INFO - ‚úÖ Cap√≠tulo actualizado: 1720
2025-06-16 21:09:59,429 - INFO - üîú Procesando siguiente cap√≠tulo: https://www.royalroad.com/fiction/92144/the-legend-of-william-oh/chapter/1764028/chapter-2-life-goals
2025-06-16 21:10:02,944 - INFO - üöÄ Iniciando procesamiento de cap√≠tulo en: https://www.royalroad.com/fiction/92144/the-legend-of-william-oh/chapter/1764028/chapter-2-life-goals
2025-06-16 21:10:03,390 - INFO - üîÅ Cap√≠tulo existente: 1721 - actualizando si est√° incompleto
2025-06-16 21:10:05,742 - INFO - ‚úÖ Proceso completado - Driver cerrado
2025-06-16 21:22:41,696 - INFO - D:\PRUEBAS\drf-scrapping\scrap\scrap_chapters_list.py changed, reloading.
2025-06-16 21:25:25,627 - INFO - D:\PRUEBAS\drf-scrapping\scrap\scrap_chapters_list.py changed, reloading.
2025-06-16 21:25:47,639 - INFO - D:\PRUEBAS\drf-scrapping\scrap\scrap_chapters_list.py changed, reloading.
2025-06-16 21:25:57,408 - INFO - D:\PRUEBAS\drf-scrapping\scrap\scrap_chapters_list.py changed, reloading.
2025-06-16 22:15:04,192 - INFO - üöÄ Iniciando procesamiento de novela en: https://www.royalroad.com/fiction/92144/the-legend-of-william-oh/chapter/1764031/chapter-3-hype-man
2025-06-16 22:15:04,192 - INFO - Configurando Chrome con traducci√≥n (Intento 1/3)...
2025-06-16 22:15:05,429 - INFO - ‚úÖ Chrome con traducci√≥n configurado exitosamente
2025-06-16 22:15:11,490 - INFO - ‚úÖ Banner de cookies cerrado.
2025-06-16 22:15:11,690 - INFO - üöÄ Iniciando procesamiento de cap√≠tulo en: https://www.royalroad.com/fiction/92144/the-legend-of-william-oh/chapter/1764031/chapter-3-hype-man
2025-06-16 22:15:12,995 - INFO - üîÅ Cap√≠tulo existente: 1722 - actualizando si est√° incompleto
2025-06-16 22:15:12,996 - INFO - üîä Generando audio para: chapter_1722.mp3
2025-06-16 22:16:06,416 - INFO - ‚úÖ Audio subido exitosamente: chapter_1722.mp3
2025-06-16 22:16:06,657 - INFO - ‚úÖ Cap√≠tulo actualizado: 1722
2025-06-16 22:16:07,998 - INFO - üîú Procesando siguiente cap√≠tulo: https://www.royalroad.com/fiction/92144/the-legend-of-william-oh/chapter/1764038/chapter-4-escape-room
2025-06-16 22:16:11,305 - INFO - üöÄ Iniciando procesamiento de cap√≠tulo en: https://www.royalroad.com/fiction/92144/the-legend-of-william-oh/chapter/1764038/chapter-4-escape-room
2025-06-16 22:16:11,643 - INFO - üîÅ Cap√≠tulo existente: 1723 - actualizando si est√° incompleto
2025-06-16 22:16:11,644 - INFO - üîä Generando audio para: chapter_1723.mp3
2025-06-16 22:16:51,375 - INFO - ‚úÖ Audio subido exitosamente: chapter_1723.mp3
2025-06-16 22:16:51,496 - INFO - ‚úÖ Cap√≠tulo actualizado: 1723
2025-06-16 22:16:53,971 - INFO - ‚úÖ Proceso completado - Driver cerrado
2025-06-17 17:28:19,672 - INFO - D:\PRUEBAS\drf-scrapping\scrap\scrap_chapters_list.py changed, reloading.
2025-06-17 17:28:24,733 - INFO - D:\PRUEBAS\drf-scrapping\scrap\scrap_chapters_list.py changed, reloading.
2025-06-17 17:28:29,243 - INFO - D:\PRUEBAS\drf-scrapping\scrap\scrap_chapters_list.py changed, reloading.
2025-06-17 22:19:27,613 - INFO - üöÄ Iniciando procesamiento de novela en: https://www.royalroad.com/fiction/92144/the-legend-of-william-oh/chapter/1763714/chapter-1-he-who-has-no-class
2025-06-17 22:19:27,613 - INFO - Configurando Chrome con traducci√≥n (Intento 1/3)...
2025-06-17 22:19:29,925 - INFO - ‚úÖ Chrome con traducci√≥n configurado exitosamente
2025-06-17 22:19:36,095 - INFO - ‚úÖ Banner de cookies cerrado.
2025-06-17 22:19:36,296 - INFO - üöÄ Iniciando procesamiento de cap√≠tulo en: https://www.royalroad.com/fiction/92144/the-legend-of-william-oh/chapter/1763714/chapter-1-he-who-has-no-class
2025-06-17 22:19:37,669 - INFO - üîÅ Cap√≠tulo existente: 783 - actualizando si est√° incompleto
2025-06-17 22:19:37,672 - INFO - üîä Generando audio para: chapter_783.mp3
2025-06-17 22:19:47,306 - INFO - üöÄ Iniciando procesamiento de novela en: https://www.royalroad.com/fiction/92144/the-legend-of-william-oh/chapter/1763714/chapter-1-he-who-has-no-class
2025-06-17 22:19:47,306 - INFO - Configurando Chrome con traducci√≥n (Intento 1/3)...
2025-06-17 22:19:48,646 - INFO - ‚úÖ Chrome con traducci√≥n configurado exitosamente
2025-06-17 22:19:55,583 - INFO - ‚úÖ Banner de cookies cerrado.
2025-06-17 22:19:55,784 - INFO - üöÄ Iniciando procesamiento de cap√≠tulo en: https://www.royalroad.com/fiction/92144/the-legend-of-william-oh/chapter/1763714/chapter-1-he-who-has-no-class
2025-06-17 22:19:57,125 - INFO - üîÅ Cap√≠tulo existente: 783 - actualizando si est√° incompleto
2025-06-17 22:19:57,126 - INFO - üîä Generando audio para: chapter_783.mp3
2025-06-17 22:21:01,310 - ERROR - ‚ùå Error al generar audio: [WinError 32] El proceso no tiene acceso al archivo porque est√° siendo utilizado por otro proceso: 'C:\\Users\\Usuario\\AppData\\Local\\Temp\\drf_scrapping_audio\\chapter_783.mp3'
2025-06-17 22:21:01,546 - INFO - ‚úÖ Cap√≠tulo actualizado: 783
2025-06-17 22:21:03,247 - INFO - üîú Procesando siguiente cap√≠tulo: https://www.royalroad.com/fiction/92144/the-legend-of-william-oh/chapter/1764028/chapter-2-life-goals
2025-06-17 22:21:06,676 - INFO - üöÄ Iniciando procesamiento de cap√≠tulo en: https://www.royalroad.com/fiction/92144/the-legend-of-william-oh/chapter/1764028/chapter-2-life-goals
2025-06-17 22:21:07,422 - INFO - üîÅ Cap√≠tulo existente: 784 - actualizando si est√° incompleto
2025-06-17 22:21:07,422 - INFO - üîä Generando audio para: chapter_784.mp3
2025-06-17 22:21:19,636 - INFO - ‚úÖ Audio subido exitosamente: chapter_783.mp3
2025-06-17 22:21:19,864 - INFO - ‚úÖ Cap√≠tulo actualizado: 783
2025-06-17 22:21:21,281 - INFO - üîú Procesando siguiente cap√≠tulo: https://www.royalroad.com/fiction/92144/the-legend-of-william-oh/chapter/1764028/chapter-2-life-goals
2025-06-17 22:21:24,553 - INFO - üöÄ Iniciando procesamiento de cap√≠tulo en: https://www.royalroad.com/fiction/92144/the-legend-of-william-oh/chapter/1764028/chapter-2-life-goals
2025-06-17 22:21:24,844 - INFO - üîÅ Cap√≠tulo existente: 784 - actualizando si est√° incompleto
2025-06-17 22:21:24,845 - INFO - üîä Generando audio para: chapter_784.mp3
2025-06-17 22:21:48,512 - ERROR - ‚ùå Error al generar audio: [WinError 32] El proceso no tiene acceso al archivo porque est√° siendo utilizado por otro proceso: 'C:\\Users\\Usuario\\AppData\\Local\\Temp\\drf_scrapping_audio\\chapter_784.mp3'
2025-06-17 22:21:48,627 - INFO - ‚úÖ Cap√≠tulo actualizado: 784
2025-06-17 22:21:51,077 - INFO - ‚úÖ Proceso completado - Driver cerrado
2025-06-17 22:22:26,942 - INFO - ‚úÖ Audio subido exitosamente: chapter_784.mp3
2025-06-17 22:22:27,061 - INFO - ‚úÖ Cap√≠tulo actualizado: 784
2025-06-17 22:22:29,398 - INFO - ‚úÖ Proceso completado - Driver cerrado
2025-06-17 22:24:19,602 - INFO - üöÄ Iniciando procesamiento de novela en: https://www.royalroad.com/fiction/28578/unfathomable-senior/chapter/427894/chapter-1
2025-06-17 22:24:19,602 - INFO - Configurando Chrome con traducci√≥n (Intento 1/3)...
2025-06-17 22:24:20,886 - INFO - ‚úÖ Chrome con traducci√≥n configurado exitosamente
2025-06-17 22:24:25,809 - INFO - ‚úÖ Banner de cookies cerrado.
2025-06-17 22:24:26,009 - INFO - üöÄ Iniciando procesamiento de cap√≠tulo en: https://www.royalroad.com/fiction/28578/unfathomable-senior/chapter/427894/chapter-1
2025-06-17 22:24:27,183 - INFO - üîÅ Cap√≠tulo existente: 1 - actualizando si est√° incompleto
2025-06-17 22:24:27,184 - INFO - üîä Generando audio para: chapter_1.mp3
2025-06-17 22:24:39,728 - INFO - üöÄ Iniciando procesamiento de novela en: https://www.royalroad.com/fiction/28578/unfathomable-senior/chapter/427894/chapter-1
2025-06-17 22:24:39,728 - INFO - Configurando Chrome con traducci√≥n (Intento 1/3)...
2025-06-17 22:24:41,072 - INFO - ‚úÖ Chrome con traducci√≥n configurado exitosamente
2025-06-17 22:24:45,814 - INFO - ‚úÖ Banner de cookies cerrado.
2025-06-17 22:24:46,015 - INFO - üöÄ Iniciando procesamiento de cap√≠tulo en: https://www.royalroad.com/fiction/28578/unfathomable-senior/chapter/427894/chapter-1
2025-06-17 22:24:47,158 - INFO - üîÅ Cap√≠tulo existente: 1 - actualizando si est√° incompleto
2025-06-17 22:24:47,158 - INFO - üîä Generando audio para: chapter_1.mp3
2025-06-17 22:24:55,350 - ERROR - ‚ùå Error al generar audio: [WinError 32] El proceso no tiene acceso al archivo porque est√° siendo utilizado por otro proceso: 'C:\\Users\\Usuario\\AppData\\Local\\Temp\\drf_scrapping_audio\\chapter_1.mp3'
2025-06-17 22:24:55,462 - INFO - ‚úÖ Cap√≠tulo actualizado: 1
2025-06-17 22:24:56,833 - INFO - üîú Procesando siguiente cap√≠tulo: https://www.royalroad.com/fiction/28578/unfathomable-senior/chapter/427920/chapter-2
2025-06-17 22:24:59,753 - INFO - üöÄ Iniciando procesamiento de cap√≠tulo en: https://www.royalroad.com/fiction/28578/unfathomable-senior/chapter/427920/chapter-2
2025-06-17 22:25:00,188 - INFO - üîÅ Cap√≠tulo existente: 2 - actualizando si est√° incompleto
2025-06-17 22:25:00,189 - INFO - üîä Generando audio para: chapter_2.mp3
2025-06-17 22:25:03,779 - INFO - ‚úÖ Audio subido exitosamente: chapter_1.mp3
2025-06-17 22:25:03,900 - INFO - ‚úÖ Cap√≠tulo actualizado: 1
2025-06-17 22:25:04,653 - INFO - ‚úÖ Audio subido exitosamente: chapter_2.mp3
2025-06-17 22:25:04,771 - INFO - ‚úÖ Cap√≠tulo actualizado: 2
2025-06-17 22:25:05,117 - INFO - üîú Procesando siguiente cap√≠tulo: https://www.royalroad.com/fiction/28578/unfathomable-senior/chapter/427920/chapter-2
2025-06-17 22:25:07,057 - INFO - üöÄ Iniciando procesamiento de cap√≠tulo en: https://www.royalroad.com/fiction/28578/unfathomable-senior/chapter/427920/chapter-2
2025-06-17 22:25:07,339 - INFO - ‚úÖ Proceso completado - Driver cerrado
2025-06-17 22:25:07,714 - INFO - üîÅ Cap√≠tulo existente: 2 - actualizando si est√° incompleto
2025-06-17 22:25:10,072 - INFO - ‚úÖ Proceso completado - Driver cerrado
2025-06-18 19:50:56,477 - ERROR - Error al traducir con Argos Translate
Traceback (most recent call last):
  File "D:\PRUEBAS\drf-scrapping\venv\Lib\site-packages\urllib3\connection.py", line 198, in _new_conn
    sock = connection.create_connection(
           ^^^^^^^^^^^^^^^^^^^^^^^^^^^^^
  File "D:\PRUEBAS\drf-scrapping\venv\Lib\site-packages\urllib3\util\connection.py", line 85, in create_connection
    raise err
  File "D:\PRUEBAS\drf-scrapping\venv\Lib\site-packages\urllib3\util\connection.py", line 73, in create_connection
    sock.connect(sa)
ConnectionRefusedError: [WinError 10061] No se puede establecer una conexi√≥n ya que el equipo de destino deneg√≥ expresamente dicha conexi√≥n

The above exception was the direct cause of the following exception:

Traceback (most recent call last):
  File "D:\PRUEBAS\drf-scrapping\venv\Lib\site-packages\urllib3\connectionpool.py", line 787, in urlopen
    response = self._make_request(
               ^^^^^^^^^^^^^^^^^^^
  File "D:\PRUEBAS\drf-scrapping\venv\Lib\site-packages\urllib3\connectionpool.py", line 493, in _make_request
    conn.request(
  File "D:\PRUEBAS\drf-scrapping\venv\Lib\site-packages\urllib3\connection.py", line 445, in request
    self.endheaders()
  File "C:\Users\Usuario\AppData\Local\Programs\Python\Python312\Lib\http\client.py", line 1333, in endheaders
    self._send_output(message_body, encode_chunked=encode_chunked)
  File "C:\Users\Usuario\AppData\Local\Programs\Python\Python312\Lib\http\client.py", line 1093, in _send_output
    self.send(msg)
  File "C:\Users\Usuario\AppData\Local\Programs\Python\Python312\Lib\http\client.py", line 1037, in send
    self.connect()
  File "D:\PRUEBAS\drf-scrapping\venv\Lib\site-packages\urllib3\connection.py", line 276, in connect
    self.sock = self._new_conn()
                ^^^^^^^^^^^^^^^^
  File "D:\PRUEBAS\drf-scrapping\venv\Lib\site-packages\urllib3\connection.py", line 213, in _new_conn
    raise NewConnectionError(
urllib3.exceptions.NewConnectionError: <urllib3.connection.HTTPConnection object at 0x0000023A13793110>: Failed to establish a new connection: [WinError 10061] No se puede establecer una conexi√≥n ya que el equipo de destino deneg√≥ expresamente dicha conexi√≥n

The above exception was the direct cause of the following exception:

Traceback (most recent call last):
  File "D:\PRUEBAS\drf-scrapping\venv\Lib\site-packages\requests\adapters.py", line 667, in send
    resp = conn.urlopen(
           ^^^^^^^^^^^^^
  File "D:\PRUEBAS\drf-scrapping\venv\Lib\site-packages\urllib3\connectionpool.py", line 841, in urlopen
    retries = retries.increment(
              ^^^^^^^^^^^^^^^^^^
  File "D:\PRUEBAS\drf-scrapping\venv\Lib\site-packages\urllib3\util\retry.py", line 519, in increment
    raise MaxRetryError(_pool, url, reason) from reason  # type: ignore[arg-type]
    ^^^^^^^^^^^^^^^^^^^^^^^^^^^^^^^^^^^^^^^^^^^^^^^^^^^
urllib3.exceptions.MaxRetryError: HTTPConnectionPool(host='localhost', port=5000): Max retries exceeded with url: /translate (Caused by NewConnectionError('<urllib3.connection.HTTPConnection object at 0x0000023A13793110>: Failed to establish a new connection: [WinError 10061] No se puede establecer una conexi√≥n ya que el equipo de destino deneg√≥ expresamente dicha conexi√≥n'))

During handling of the above exception, another exception occurred:

Traceback (most recent call last):
  File "D:\PRUEBAS\drf-scrapping\scrap\scrap_chapters_list.py", line 26, in translate_to_spanish
    response = requests.post(url, data=payload, timeout=10)
               ^^^^^^^^^^^^^^^^^^^^^^^^^^^^^^^^^^^^^^^^^^^^
  File "D:\PRUEBAS\drf-scrapping\venv\Lib\site-packages\requests\api.py", line 115, in post
    return request("post", url, data=data, json=json, **kwargs)
           ^^^^^^^^^^^^^^^^^^^^^^^^^^^^^^^^^^^^^^^^^^^^^^^^^^^^
  File "D:\PRUEBAS\drf-scrapping\venv\Lib\site-packages\requests\api.py", line 59, in request
    return session.request(method=method, url=url, **kwargs)
           ^^^^^^^^^^^^^^^^^^^^^^^^^^^^^^^^^^^^^^^^^^^^^^^^^
  File "D:\PRUEBAS\drf-scrapping\venv\Lib\site-packages\requests\sessions.py", line 589, in request
    resp = self.send(prep, **send_kwargs)
           ^^^^^^^^^^^^^^^^^^^^^^^^^^^^^^
  File "D:\PRUEBAS\drf-scrapping\venv\Lib\site-packages\requests\sessions.py", line 703, in send
    r = adapter.send(request, **kwargs)
        ^^^^^^^^^^^^^^^^^^^^^^^^^^^^^^^
  File "D:\PRUEBAS\drf-scrapping\venv\Lib\site-packages\requests\adapters.py", line 700, in send
    raise ConnectionError(e, request=request)
requests.exceptions.ConnectionError: HTTPConnectionPool(host='localhost', port=5000): Max retries exceeded with url: /translate (Caused by NewConnectionError('<urllib3.connection.HTTPConnection object at 0x0000023A13793110>: Failed to establish a new connection: [WinError 10061] No se puede establecer una conexi√≥n ya que el equipo de destino deneg√≥ expresamente dicha conexi√≥n'))
2025-06-18 19:51:03,663 - ERROR - Error al traducir con Argos Translate
Traceback (most recent call last):
  File "D:\PRUEBAS\drf-scrapping\venv\Lib\site-packages\urllib3\connection.py", line 198, in _new_conn
    sock = connection.create_connection(
           ^^^^^^^^^^^^^^^^^^^^^^^^^^^^^
  File "D:\PRUEBAS\drf-scrapping\venv\Lib\site-packages\urllib3\util\connection.py", line 85, in create_connection
    raise err
  File "D:\PRUEBAS\drf-scrapping\venv\Lib\site-packages\urllib3\util\connection.py", line 73, in create_connection
    sock.connect(sa)
ConnectionRefusedError: [WinError 10061] No se puede establecer una conexi√≥n ya que el equipo de destino deneg√≥ expresamente dicha conexi√≥n

The above exception was the direct cause of the following exception:

Traceback (most recent call last):
  File "D:\PRUEBAS\drf-scrapping\venv\Lib\site-packages\urllib3\connectionpool.py", line 787, in urlopen
    response = self._make_request(
               ^^^^^^^^^^^^^^^^^^^
  File "D:\PRUEBAS\drf-scrapping\venv\Lib\site-packages\urllib3\connectionpool.py", line 493, in _make_request
    conn.request(
  File "D:\PRUEBAS\drf-scrapping\venv\Lib\site-packages\urllib3\connection.py", line 445, in request
    self.endheaders()
  File "C:\Users\Usuario\AppData\Local\Programs\Python\Python312\Lib\http\client.py", line 1333, in endheaders
    self._send_output(message_body, encode_chunked=encode_chunked)
  File "C:\Users\Usuario\AppData\Local\Programs\Python\Python312\Lib\http\client.py", line 1093, in _send_output
    self.send(msg)
  File "C:\Users\Usuario\AppData\Local\Programs\Python\Python312\Lib\http\client.py", line 1037, in send
    self.connect()
  File "D:\PRUEBAS\drf-scrapping\venv\Lib\site-packages\urllib3\connection.py", line 276, in connect
    self.sock = self._new_conn()
                ^^^^^^^^^^^^^^^^
  File "D:\PRUEBAS\drf-scrapping\venv\Lib\site-packages\urllib3\connection.py", line 213, in _new_conn
    raise NewConnectionError(
urllib3.exceptions.NewConnectionError: <urllib3.connection.HTTPConnection object at 0x0000023A1354D460>: Failed to establish a new connection: [WinError 10061] No se puede establecer una conexi√≥n ya que el equipo de destino deneg√≥ expresamente dicha conexi√≥n

The above exception was the direct cause of the following exception:

Traceback (most recent call last):
  File "D:\PRUEBAS\drf-scrapping\venv\Lib\site-packages\requests\adapters.py", line 667, in send
    resp = conn.urlopen(
           ^^^^^^^^^^^^^
  File "D:\PRUEBAS\drf-scrapping\venv\Lib\site-packages\urllib3\connectionpool.py", line 841, in urlopen
    retries = retries.increment(
              ^^^^^^^^^^^^^^^^^^
  File "D:\PRUEBAS\drf-scrapping\venv\Lib\site-packages\urllib3\util\retry.py", line 519, in increment
    raise MaxRetryError(_pool, url, reason) from reason  # type: ignore[arg-type]
    ^^^^^^^^^^^^^^^^^^^^^^^^^^^^^^^^^^^^^^^^^^^^^^^^^^^
urllib3.exceptions.MaxRetryError: HTTPConnectionPool(host='localhost', port=5000): Max retries exceeded with url: /translate (Caused by NewConnectionError('<urllib3.connection.HTTPConnection object at 0x0000023A1354D460>: Failed to establish a new connection: [WinError 10061] No se puede establecer una conexi√≥n ya que el equipo de destino deneg√≥ expresamente dicha conexi√≥n'))

During handling of the above exception, another exception occurred:

Traceback (most recent call last):
  File "D:\PRUEBAS\drf-scrapping\scrap\scrap_chapters_list.py", line 26, in translate_to_spanish
    response = requests.post(url, data=payload, timeout=10)
               ^^^^^^^^^^^^^^^^^^^^^^^^^^^^^^^^^^^^^^^^^^^^
  File "D:\PRUEBAS\drf-scrapping\venv\Lib\site-packages\requests\api.py", line 115, in post
    return request("post", url, data=data, json=json, **kwargs)
           ^^^^^^^^^^^^^^^^^^^^^^^^^^^^^^^^^^^^^^^^^^^^^^^^^^^^
  File "D:\PRUEBAS\drf-scrapping\venv\Lib\site-packages\requests\api.py", line 59, in request
    return session.request(method=method, url=url, **kwargs)
           ^^^^^^^^^^^^^^^^^^^^^^^^^^^^^^^^^^^^^^^^^^^^^^^^^
  File "D:\PRUEBAS\drf-scrapping\venv\Lib\site-packages\requests\sessions.py", line 589, in request
    resp = self.send(prep, **send_kwargs)
           ^^^^^^^^^^^^^^^^^^^^^^^^^^^^^^
  File "D:\PRUEBAS\drf-scrapping\venv\Lib\site-packages\requests\sessions.py", line 703, in send
    r = adapter.send(request, **kwargs)
        ^^^^^^^^^^^^^^^^^^^^^^^^^^^^^^^
  File "D:\PRUEBAS\drf-scrapping\venv\Lib\site-packages\requests\adapters.py", line 700, in send
    raise ConnectionError(e, request=request)
requests.exceptions.ConnectionError: HTTPConnectionPool(host='localhost', port=5000): Max retries exceeded with url: /translate (Caused by NewConnectionError('<urllib3.connection.HTTPConnection object at 0x0000023A1354D460>: Failed to establish a new connection: [WinError 10061] No se puede establecer una conexi√≥n ya que el equipo de destino deneg√≥ expresamente dicha conexi√≥n'))
2025-06-18 19:51:08,206 - ERROR - Error al traducir con Argos Translate
Traceback (most recent call last):
  File "D:\PRUEBAS\drf-scrapping\venv\Lib\site-packages\urllib3\connection.py", line 198, in _new_conn
    sock = connection.create_connection(
           ^^^^^^^^^^^^^^^^^^^^^^^^^^^^^
  File "D:\PRUEBAS\drf-scrapping\venv\Lib\site-packages\urllib3\util\connection.py", line 85, in create_connection
    raise err
  File "D:\PRUEBAS\drf-scrapping\venv\Lib\site-packages\urllib3\util\connection.py", line 73, in create_connection
    sock.connect(sa)
ConnectionRefusedError: [WinError 10061] No se puede establecer una conexi√≥n ya que el equipo de destino deneg√≥ expresamente dicha conexi√≥n

The above exception was the direct cause of the following exception:

Traceback (most recent call last):
  File "D:\PRUEBAS\drf-scrapping\venv\Lib\site-packages\urllib3\connectionpool.py", line 787, in urlopen
    response = self._make_request(
               ^^^^^^^^^^^^^^^^^^^
  File "D:\PRUEBAS\drf-scrapping\venv\Lib\site-packages\urllib3\connectionpool.py", line 493, in _make_request
    conn.request(
  File "D:\PRUEBAS\drf-scrapping\venv\Lib\site-packages\urllib3\connection.py", line 445, in request
    self.endheaders()
  File "C:\Users\Usuario\AppData\Local\Programs\Python\Python312\Lib\http\client.py", line 1333, in endheaders
    self._send_output(message_body, encode_chunked=encode_chunked)
  File "C:\Users\Usuario\AppData\Local\Programs\Python\Python312\Lib\http\client.py", line 1093, in _send_output
    self.send(msg)
  File "C:\Users\Usuario\AppData\Local\Programs\Python\Python312\Lib\http\client.py", line 1037, in send
    self.connect()
  File "D:\PRUEBAS\drf-scrapping\venv\Lib\site-packages\urllib3\connection.py", line 276, in connect
    self.sock = self._new_conn()
                ^^^^^^^^^^^^^^^^
  File "D:\PRUEBAS\drf-scrapping\venv\Lib\site-packages\urllib3\connection.py", line 213, in _new_conn
    raise NewConnectionError(
urllib3.exceptions.NewConnectionError: <urllib3.connection.HTTPConnection object at 0x0000023A1354E450>: Failed to establish a new connection: [WinError 10061] No se puede establecer una conexi√≥n ya que el equipo de destino deneg√≥ expresamente dicha conexi√≥n

The above exception was the direct cause of the following exception:

Traceback (most recent call last):
  File "D:\PRUEBAS\drf-scrapping\venv\Lib\site-packages\requests\adapters.py", line 667, in send
    resp = conn.urlopen(
           ^^^^^^^^^^^^^
  File "D:\PRUEBAS\drf-scrapping\venv\Lib\site-packages\urllib3\connectionpool.py", line 841, in urlopen
    retries = retries.increment(
              ^^^^^^^^^^^^^^^^^^
  File "D:\PRUEBAS\drf-scrapping\venv\Lib\site-packages\urllib3\util\retry.py", line 519, in increment
    raise MaxRetryError(_pool, url, reason) from reason  # type: ignore[arg-type]
    ^^^^^^^^^^^^^^^^^^^^^^^^^^^^^^^^^^^^^^^^^^^^^^^^^^^
urllib3.exceptions.MaxRetryError: HTTPConnectionPool(host='localhost', port=5000): Max retries exceeded with url: /translate (Caused by NewConnectionError('<urllib3.connection.HTTPConnection object at 0x0000023A1354E450>: Failed to establish a new connection: [WinError 10061] No se puede establecer una conexi√≥n ya que el equipo de destino deneg√≥ expresamente dicha conexi√≥n'))

During handling of the above exception, another exception occurred:

Traceback (most recent call last):
  File "D:\PRUEBAS\drf-scrapping\scrap\scrap_chapters_list.py", line 26, in translate_to_spanish
    response = requests.post(url, data=payload, timeout=10)
               ^^^^^^^^^^^^^^^^^^^^^^^^^^^^^^^^^^^^^^^^^^^^
  File "D:\PRUEBAS\drf-scrapping\venv\Lib\site-packages\requests\api.py", line 115, in post
    return request("post", url, data=data, json=json, **kwargs)
           ^^^^^^^^^^^^^^^^^^^^^^^^^^^^^^^^^^^^^^^^^^^^^^^^^^^^
  File "D:\PRUEBAS\drf-scrapping\venv\Lib\site-packages\requests\api.py", line 59, in request
    return session.request(method=method, url=url, **kwargs)
           ^^^^^^^^^^^^^^^^^^^^^^^^^^^^^^^^^^^^^^^^^^^^^^^^^
  File "D:\PRUEBAS\drf-scrapping\venv\Lib\site-packages\requests\sessions.py", line 589, in request
    resp = self.send(prep, **send_kwargs)
           ^^^^^^^^^^^^^^^^^^^^^^^^^^^^^^
  File "D:\PRUEBAS\drf-scrapping\venv\Lib\site-packages\requests\sessions.py", line 703, in send
    r = adapter.send(request, **kwargs)
        ^^^^^^^^^^^^^^^^^^^^^^^^^^^^^^^
  File "D:\PRUEBAS\drf-scrapping\venv\Lib\site-packages\requests\adapters.py", line 700, in send
    raise ConnectionError(e, request=request)
requests.exceptions.ConnectionError: HTTPConnectionPool(host='localhost', port=5000): Max retries exceeded with url: /translate (Caused by NewConnectionError('<urllib3.connection.HTTPConnection object at 0x0000023A1354E450>: Failed to establish a new connection: [WinError 10061] No se puede establecer una conexi√≥n ya que el equipo de destino deneg√≥ expresamente dicha conexi√≥n'))
2025-06-18 19:51:12,749 - ERROR - Error al traducir con Argos Translate
Traceback (most recent call last):
  File "D:\PRUEBAS\drf-scrapping\venv\Lib\site-packages\urllib3\connection.py", line 198, in _new_conn
    sock = connection.create_connection(
           ^^^^^^^^^^^^^^^^^^^^^^^^^^^^^
  File "D:\PRUEBAS\drf-scrapping\venv\Lib\site-packages\urllib3\util\connection.py", line 85, in create_connection
    raise err
  File "D:\PRUEBAS\drf-scrapping\venv\Lib\site-packages\urllib3\util\connection.py", line 73, in create_connection
    sock.connect(sa)
ConnectionRefusedError: [WinError 10061] No se puede establecer una conexi√≥n ya que el equipo de destino deneg√≥ expresamente dicha conexi√≥n

The above exception was the direct cause of the following exception:

Traceback (most recent call last):
  File "D:\PRUEBAS\drf-scrapping\venv\Lib\site-packages\urllib3\connectionpool.py", line 787, in urlopen
    response = self._make_request(
               ^^^^^^^^^^^^^^^^^^^
  File "D:\PRUEBAS\drf-scrapping\venv\Lib\site-packages\urllib3\connectionpool.py", line 493, in _make_request
    conn.request(
  File "D:\PRUEBAS\drf-scrapping\venv\Lib\site-packages\urllib3\connection.py", line 445, in request
    self.endheaders()
  File "C:\Users\Usuario\AppData\Local\Programs\Python\Python312\Lib\http\client.py", line 1333, in endheaders
    self._send_output(message_body, encode_chunked=encode_chunked)
  File "C:\Users\Usuario\AppData\Local\Programs\Python\Python312\Lib\http\client.py", line 1093, in _send_output
    self.send(msg)
  File "C:\Users\Usuario\AppData\Local\Programs\Python\Python312\Lib\http\client.py", line 1037, in send
    self.connect()
  File "D:\PRUEBAS\drf-scrapping\venv\Lib\site-packages\urllib3\connection.py", line 276, in connect
    self.sock = self._new_conn()
                ^^^^^^^^^^^^^^^^
  File "D:\PRUEBAS\drf-scrapping\venv\Lib\site-packages\urllib3\connection.py", line 213, in _new_conn
    raise NewConnectionError(
urllib3.exceptions.NewConnectionError: <urllib3.connection.HTTPConnection object at 0x0000023A1354FC50>: Failed to establish a new connection: [WinError 10061] No se puede establecer una conexi√≥n ya que el equipo de destino deneg√≥ expresamente dicha conexi√≥n

The above exception was the direct cause of the following exception:

Traceback (most recent call last):
  File "D:\PRUEBAS\drf-scrapping\venv\Lib\site-packages\requests\adapters.py", line 667, in send
    resp = conn.urlopen(
           ^^^^^^^^^^^^^
  File "D:\PRUEBAS\drf-scrapping\venv\Lib\site-packages\urllib3\connectionpool.py", line 841, in urlopen
    retries = retries.increment(
              ^^^^^^^^^^^^^^^^^^
  File "D:\PRUEBAS\drf-scrapping\venv\Lib\site-packages\urllib3\util\retry.py", line 519, in increment
    raise MaxRetryError(_pool, url, reason) from reason  # type: ignore[arg-type]
    ^^^^^^^^^^^^^^^^^^^^^^^^^^^^^^^^^^^^^^^^^^^^^^^^^^^
urllib3.exceptions.MaxRetryError: HTTPConnectionPool(host='localhost', port=5000): Max retries exceeded with url: /translate (Caused by NewConnectionError('<urllib3.connection.HTTPConnection object at 0x0000023A1354FC50>: Failed to establish a new connection: [WinError 10061] No se puede establecer una conexi√≥n ya que el equipo de destino deneg√≥ expresamente dicha conexi√≥n'))

During handling of the above exception, another exception occurred:

Traceback (most recent call last):
  File "D:\PRUEBAS\drf-scrapping\scrap\scrap_chapters_list.py", line 26, in translate_to_spanish
    response = requests.post(url, data=payload, timeout=10)
               ^^^^^^^^^^^^^^^^^^^^^^^^^^^^^^^^^^^^^^^^^^^^
  File "D:\PRUEBAS\drf-scrapping\venv\Lib\site-packages\requests\api.py", line 115, in post
    return request("post", url, data=data, json=json, **kwargs)
           ^^^^^^^^^^^^^^^^^^^^^^^^^^^^^^^^^^^^^^^^^^^^^^^^^^^^
  File "D:\PRUEBAS\drf-scrapping\venv\Lib\site-packages\requests\api.py", line 59, in request
    return session.request(method=method, url=url, **kwargs)
           ^^^^^^^^^^^^^^^^^^^^^^^^^^^^^^^^^^^^^^^^^^^^^^^^^
  File "D:\PRUEBAS\drf-scrapping\venv\Lib\site-packages\requests\sessions.py", line 589, in request
    resp = self.send(prep, **send_kwargs)
           ^^^^^^^^^^^^^^^^^^^^^^^^^^^^^^
  File "D:\PRUEBAS\drf-scrapping\venv\Lib\site-packages\requests\sessions.py", line 703, in send
    r = adapter.send(request, **kwargs)
        ^^^^^^^^^^^^^^^^^^^^^^^^^^^^^^^
  File "D:\PRUEBAS\drf-scrapping\venv\Lib\site-packages\requests\adapters.py", line 700, in send
    raise ConnectionError(e, request=request)
requests.exceptions.ConnectionError: HTTPConnectionPool(host='localhost', port=5000): Max retries exceeded with url: /translate (Caused by NewConnectionError('<urllib3.connection.HTTPConnection object at 0x0000023A1354FC50>: Failed to establish a new connection: [WinError 10061] No se puede establecer una conexi√≥n ya que el equipo de destino deneg√≥ expresamente dicha conexi√≥n'))
2025-06-18 19:51:17,292 - ERROR - Error al traducir con Argos Translate
Traceback (most recent call last):
  File "D:\PRUEBAS\drf-scrapping\venv\Lib\site-packages\urllib3\connection.py", line 198, in _new_conn
    sock = connection.create_connection(
           ^^^^^^^^^^^^^^^^^^^^^^^^^^^^^
  File "D:\PRUEBAS\drf-scrapping\venv\Lib\site-packages\urllib3\util\connection.py", line 85, in create_connection
    raise err
  File "D:\PRUEBAS\drf-scrapping\venv\Lib\site-packages\urllib3\util\connection.py", line 73, in create_connection
    sock.connect(sa)
ConnectionRefusedError: [WinError 10061] No se puede establecer una conexi√≥n ya que el equipo de destino deneg√≥ expresamente dicha conexi√≥n

The above exception was the direct cause of the following exception:

Traceback (most recent call last):
  File "D:\PRUEBAS\drf-scrapping\venv\Lib\site-packages\urllib3\connectionpool.py", line 787, in urlopen
    response = self._make_request(
               ^^^^^^^^^^^^^^^^^^^
  File "D:\PRUEBAS\drf-scrapping\venv\Lib\site-packages\urllib3\connectionpool.py", line 493, in _make_request
    conn.request(
  File "D:\PRUEBAS\drf-scrapping\venv\Lib\site-packages\urllib3\connection.py", line 445, in request
    self.endheaders()
  File "C:\Users\Usuario\AppData\Local\Programs\Python\Python312\Lib\http\client.py", line 1333, in endheaders
    self._send_output(message_body, encode_chunked=encode_chunked)
  File "C:\Users\Usuario\AppData\Local\Programs\Python\Python312\Lib\http\client.py", line 1093, in _send_output
    self.send(msg)
  File "C:\Users\Usuario\AppData\Local\Programs\Python\Python312\Lib\http\client.py", line 1037, in send
    self.connect()
  File "D:\PRUEBAS\drf-scrapping\venv\Lib\site-packages\urllib3\connection.py", line 276, in connect
    self.sock = self._new_conn()
                ^^^^^^^^^^^^^^^^
  File "D:\PRUEBAS\drf-scrapping\venv\Lib\site-packages\urllib3\connection.py", line 213, in _new_conn
    raise NewConnectionError(
urllib3.exceptions.NewConnectionError: <urllib3.connection.HTTPConnection object at 0x0000023A1354DE50>: Failed to establish a new connection: [WinError 10061] No se puede establecer una conexi√≥n ya que el equipo de destino deneg√≥ expresamente dicha conexi√≥n

The above exception was the direct cause of the following exception:

Traceback (most recent call last):
  File "D:\PRUEBAS\drf-scrapping\venv\Lib\site-packages\requests\adapters.py", line 667, in send
    resp = conn.urlopen(
           ^^^^^^^^^^^^^
  File "D:\PRUEBAS\drf-scrapping\venv\Lib\site-packages\urllib3\connectionpool.py", line 841, in urlopen
    retries = retries.increment(
              ^^^^^^^^^^^^^^^^^^
  File "D:\PRUEBAS\drf-scrapping\venv\Lib\site-packages\urllib3\util\retry.py", line 519, in increment
    raise MaxRetryError(_pool, url, reason) from reason  # type: ignore[arg-type]
    ^^^^^^^^^^^^^^^^^^^^^^^^^^^^^^^^^^^^^^^^^^^^^^^^^^^
urllib3.exceptions.MaxRetryError: HTTPConnectionPool(host='localhost', port=5000): Max retries exceeded with url: /translate (Caused by NewConnectionError('<urllib3.connection.HTTPConnection object at 0x0000023A1354DE50>: Failed to establish a new connection: [WinError 10061] No se puede establecer una conexi√≥n ya que el equipo de destino deneg√≥ expresamente dicha conexi√≥n'))

During handling of the above exception, another exception occurred:

Traceback (most recent call last):
  File "D:\PRUEBAS\drf-scrapping\scrap\scrap_chapters_list.py", line 26, in translate_to_spanish
    response = requests.post(url, data=payload, timeout=10)
               ^^^^^^^^^^^^^^^^^^^^^^^^^^^^^^^^^^^^^^^^^^^^
  File "D:\PRUEBAS\drf-scrapping\venv\Lib\site-packages\requests\api.py", line 115, in post
    return request("post", url, data=data, json=json, **kwargs)
           ^^^^^^^^^^^^^^^^^^^^^^^^^^^^^^^^^^^^^^^^^^^^^^^^^^^^
  File "D:\PRUEBAS\drf-scrapping\venv\Lib\site-packages\requests\api.py", line 59, in request
    return session.request(method=method, url=url, **kwargs)
           ^^^^^^^^^^^^^^^^^^^^^^^^^^^^^^^^^^^^^^^^^^^^^^^^^
  File "D:\PRUEBAS\drf-scrapping\venv\Lib\site-packages\requests\sessions.py", line 589, in request
    resp = self.send(prep, **send_kwargs)
           ^^^^^^^^^^^^^^^^^^^^^^^^^^^^^^
  File "D:\PRUEBAS\drf-scrapping\venv\Lib\site-packages\requests\sessions.py", line 703, in send
    r = adapter.send(request, **kwargs)
        ^^^^^^^^^^^^^^^^^^^^^^^^^^^^^^^
  File "D:\PRUEBAS\drf-scrapping\venv\Lib\site-packages\requests\adapters.py", line 700, in send
    raise ConnectionError(e, request=request)
requests.exceptions.ConnectionError: HTTPConnectionPool(host='localhost', port=5000): Max retries exceeded with url: /translate (Caused by NewConnectionError('<urllib3.connection.HTTPConnection object at 0x0000023A1354DE50>: Failed to establish a new connection: [WinError 10061] No se puede establecer una conexi√≥n ya que el equipo de destino deneg√≥ expresamente dicha conexi√≥n'))
2025-06-18 19:51:21,847 - ERROR - Error al traducir con Argos Translate
Traceback (most recent call last):
  File "D:\PRUEBAS\drf-scrapping\venv\Lib\site-packages\urllib3\connection.py", line 198, in _new_conn
    sock = connection.create_connection(
           ^^^^^^^^^^^^^^^^^^^^^^^^^^^^^
  File "D:\PRUEBAS\drf-scrapping\venv\Lib\site-packages\urllib3\util\connection.py", line 85, in create_connection
    raise err
  File "D:\PRUEBAS\drf-scrapping\venv\Lib\site-packages\urllib3\util\connection.py", line 73, in create_connection
    sock.connect(sa)
ConnectionRefusedError: [WinError 10061] No se puede establecer una conexi√≥n ya que el equipo de destino deneg√≥ expresamente dicha conexi√≥n

The above exception was the direct cause of the following exception:

Traceback (most recent call last):
  File "D:\PRUEBAS\drf-scrapping\venv\Lib\site-packages\urllib3\connectionpool.py", line 787, in urlopen
    response = self._make_request(
               ^^^^^^^^^^^^^^^^^^^
  File "D:\PRUEBAS\drf-scrapping\venv\Lib\site-packages\urllib3\connectionpool.py", line 493, in _make_request
    conn.request(
  File "D:\PRUEBAS\drf-scrapping\venv\Lib\site-packages\urllib3\connection.py", line 445, in request
    self.endheaders()
  File "C:\Users\Usuario\AppData\Local\Programs\Python\Python312\Lib\http\client.py", line 1333, in endheaders
    self._send_output(message_body, encode_chunked=encode_chunked)
  File "C:\Users\Usuario\AppData\Local\Programs\Python\Python312\Lib\http\client.py", line 1093, in _send_output
    self.send(msg)
  File "C:\Users\Usuario\AppData\Local\Programs\Python\Python312\Lib\http\client.py", line 1037, in send
    self.connect()
  File "D:\PRUEBAS\drf-scrapping\venv\Lib\site-packages\urllib3\connection.py", line 276, in connect
    self.sock = self._new_conn()
                ^^^^^^^^^^^^^^^^
  File "D:\PRUEBAS\drf-scrapping\venv\Lib\site-packages\urllib3\connection.py", line 213, in _new_conn
    raise NewConnectionError(
urllib3.exceptions.NewConnectionError: <urllib3.connection.HTTPConnection object at 0x0000023A1354FEC0>: Failed to establish a new connection: [WinError 10061] No se puede establecer una conexi√≥n ya que el equipo de destino deneg√≥ expresamente dicha conexi√≥n

The above exception was the direct cause of the following exception:

Traceback (most recent call last):
  File "D:\PRUEBAS\drf-scrapping\venv\Lib\site-packages\requests\adapters.py", line 667, in send
    resp = conn.urlopen(
           ^^^^^^^^^^^^^
  File "D:\PRUEBAS\drf-scrapping\venv\Lib\site-packages\urllib3\connectionpool.py", line 841, in urlopen
    retries = retries.increment(
              ^^^^^^^^^^^^^^^^^^
  File "D:\PRUEBAS\drf-scrapping\venv\Lib\site-packages\urllib3\util\retry.py", line 519, in increment
    raise MaxRetryError(_pool, url, reason) from reason  # type: ignore[arg-type]
    ^^^^^^^^^^^^^^^^^^^^^^^^^^^^^^^^^^^^^^^^^^^^^^^^^^^
urllib3.exceptions.MaxRetryError: HTTPConnectionPool(host='localhost', port=5000): Max retries exceeded with url: /translate (Caused by NewConnectionError('<urllib3.connection.HTTPConnection object at 0x0000023A1354FEC0>: Failed to establish a new connection: [WinError 10061] No se puede establecer una conexi√≥n ya que el equipo de destino deneg√≥ expresamente dicha conexi√≥n'))

During handling of the above exception, another exception occurred:

Traceback (most recent call last):
  File "D:\PRUEBAS\drf-scrapping\scrap\scrap_chapters_list.py", line 26, in translate_to_spanish
    response = requests.post(url, data=payload, timeout=10)
               ^^^^^^^^^^^^^^^^^^^^^^^^^^^^^^^^^^^^^^^^^^^^
  File "D:\PRUEBAS\drf-scrapping\venv\Lib\site-packages\requests\api.py", line 115, in post
    return request("post", url, data=data, json=json, **kwargs)
           ^^^^^^^^^^^^^^^^^^^^^^^^^^^^^^^^^^^^^^^^^^^^^^^^^^^^
  File "D:\PRUEBAS\drf-scrapping\venv\Lib\site-packages\requests\api.py", line 59, in request
    return session.request(method=method, url=url, **kwargs)
           ^^^^^^^^^^^^^^^^^^^^^^^^^^^^^^^^^^^^^^^^^^^^^^^^^
  File "D:\PRUEBAS\drf-scrapping\venv\Lib\site-packages\requests\sessions.py", line 589, in request
    resp = self.send(prep, **send_kwargs)
           ^^^^^^^^^^^^^^^^^^^^^^^^^^^^^^
  File "D:\PRUEBAS\drf-scrapping\venv\Lib\site-packages\requests\sessions.py", line 703, in send
    r = adapter.send(request, **kwargs)
        ^^^^^^^^^^^^^^^^^^^^^^^^^^^^^^^
  File "D:\PRUEBAS\drf-scrapping\venv\Lib\site-packages\requests\adapters.py", line 700, in send
    raise ConnectionError(e, request=request)
requests.exceptions.ConnectionError: HTTPConnectionPool(host='localhost', port=5000): Max retries exceeded with url: /translate (Caused by NewConnectionError('<urllib3.connection.HTTPConnection object at 0x0000023A1354FEC0>: Failed to establish a new connection: [WinError 10061] No se puede establecer una conexi√≥n ya que el equipo de destino deneg√≥ expresamente dicha conexi√≥n'))
2025-06-18 19:51:26,387 - ERROR - Error al traducir con Argos Translate
Traceback (most recent call last):
  File "D:\PRUEBAS\drf-scrapping\venv\Lib\site-packages\urllib3\connection.py", line 198, in _new_conn
    sock = connection.create_connection(
           ^^^^^^^^^^^^^^^^^^^^^^^^^^^^^
  File "D:\PRUEBAS\drf-scrapping\venv\Lib\site-packages\urllib3\util\connection.py", line 85, in create_connection
    raise err
  File "D:\PRUEBAS\drf-scrapping\venv\Lib\site-packages\urllib3\util\connection.py", line 73, in create_connection
    sock.connect(sa)
ConnectionRefusedError: [WinError 10061] No se puede establecer una conexi√≥n ya que el equipo de destino deneg√≥ expresamente dicha conexi√≥n

The above exception was the direct cause of the following exception:

Traceback (most recent call last):
  File "D:\PRUEBAS\drf-scrapping\venv\Lib\site-packages\urllib3\connectionpool.py", line 787, in urlopen
    response = self._make_request(
               ^^^^^^^^^^^^^^^^^^^
  File "D:\PRUEBAS\drf-scrapping\venv\Lib\site-packages\urllib3\connectionpool.py", line 493, in _make_request
    conn.request(
  File "D:\PRUEBAS\drf-scrapping\venv\Lib\site-packages\urllib3\connection.py", line 445, in request
    self.endheaders()
  File "C:\Users\Usuario\AppData\Local\Programs\Python\Python312\Lib\http\client.py", line 1333, in endheaders
    self._send_output(message_body, encode_chunked=encode_chunked)
  File "C:\Users\Usuario\AppData\Local\Programs\Python\Python312\Lib\http\client.py", line 1093, in _send_output
    self.send(msg)
  File "C:\Users\Usuario\AppData\Local\Programs\Python\Python312\Lib\http\client.py", line 1037, in send
    self.connect()
  File "D:\PRUEBAS\drf-scrapping\venv\Lib\site-packages\urllib3\connection.py", line 276, in connect
    self.sock = self._new_conn()
                ^^^^^^^^^^^^^^^^
  File "D:\PRUEBAS\drf-scrapping\venv\Lib\site-packages\urllib3\connection.py", line 213, in _new_conn
    raise NewConnectionError(
urllib3.exceptions.NewConnectionError: <urllib3.connection.HTTPConnection object at 0x0000023A1354F050>: Failed to establish a new connection: [WinError 10061] No se puede establecer una conexi√≥n ya que el equipo de destino deneg√≥ expresamente dicha conexi√≥n

The above exception was the direct cause of the following exception:

Traceback (most recent call last):
  File "D:\PRUEBAS\drf-scrapping\venv\Lib\site-packages\requests\adapters.py", line 667, in send
    resp = conn.urlopen(
           ^^^^^^^^^^^^^
  File "D:\PRUEBAS\drf-scrapping\venv\Lib\site-packages\urllib3\connectionpool.py", line 841, in urlopen
    retries = retries.increment(
              ^^^^^^^^^^^^^^^^^^
  File "D:\PRUEBAS\drf-scrapping\venv\Lib\site-packages\urllib3\util\retry.py", line 519, in increment
    raise MaxRetryError(_pool, url, reason) from reason  # type: ignore[arg-type]
    ^^^^^^^^^^^^^^^^^^^^^^^^^^^^^^^^^^^^^^^^^^^^^^^^^^^
urllib3.exceptions.MaxRetryError: HTTPConnectionPool(host='localhost', port=5000): Max retries exceeded with url: /translate (Caused by NewConnectionError('<urllib3.connection.HTTPConnection object at 0x0000023A1354F050>: Failed to establish a new connection: [WinError 10061] No se puede establecer una conexi√≥n ya que el equipo de destino deneg√≥ expresamente dicha conexi√≥n'))

During handling of the above exception, another exception occurred:

Traceback (most recent call last):
  File "D:\PRUEBAS\drf-scrapping\scrap\scrap_chapters_list.py", line 26, in translate_to_spanish
    response = requests.post(url, data=payload, timeout=10)
               ^^^^^^^^^^^^^^^^^^^^^^^^^^^^^^^^^^^^^^^^^^^^
  File "D:\PRUEBAS\drf-scrapping\venv\Lib\site-packages\requests\api.py", line 115, in post
    return request("post", url, data=data, json=json, **kwargs)
           ^^^^^^^^^^^^^^^^^^^^^^^^^^^^^^^^^^^^^^^^^^^^^^^^^^^^
  File "D:\PRUEBAS\drf-scrapping\venv\Lib\site-packages\requests\api.py", line 59, in request
    return session.request(method=method, url=url, **kwargs)
           ^^^^^^^^^^^^^^^^^^^^^^^^^^^^^^^^^^^^^^^^^^^^^^^^^
  File "D:\PRUEBAS\drf-scrapping\venv\Lib\site-packages\requests\sessions.py", line 589, in request
    resp = self.send(prep, **send_kwargs)
           ^^^^^^^^^^^^^^^^^^^^^^^^^^^^^^
  File "D:\PRUEBAS\drf-scrapping\venv\Lib\site-packages\requests\sessions.py", line 703, in send
    r = adapter.send(request, **kwargs)
        ^^^^^^^^^^^^^^^^^^^^^^^^^^^^^^^
  File "D:\PRUEBAS\drf-scrapping\venv\Lib\site-packages\requests\adapters.py", line 700, in send
    raise ConnectionError(e, request=request)
requests.exceptions.ConnectionError: HTTPConnectionPool(host='localhost', port=5000): Max retries exceeded with url: /translate (Caused by NewConnectionError('<urllib3.connection.HTTPConnection object at 0x0000023A1354F050>: Failed to establish a new connection: [WinError 10061] No se puede establecer una conexi√≥n ya que el equipo de destino deneg√≥ expresamente dicha conexi√≥n'))
2025-06-18 19:54:44,309 - INFO - üöÄ Iniciando procesamiento de novela en: https://www.royalroad.com/fiction/28578/unfathomable-senior/chapter/427921/chapter-3
2025-06-18 19:54:44,309 - INFO - Configurando Chrome con traducci√≥n (Intento 1/3)...
2025-06-18 19:54:46,801 - INFO - ‚úÖ Chrome con traducci√≥n configurado exitosamente
2025-06-18 19:54:52,273 - INFO - ‚úÖ Banner de cookies cerrado.
2025-06-18 19:54:52,475 - INFO - üöÄ Iniciando procesamiento de cap√≠tulo en: https://www.royalroad.com/fiction/28578/unfathomable-senior/chapter/427921/chapter-3
2025-06-18 19:54:53,569 - INFO - üîÅ Cap√≠tulo existente: 3 - actualizando si est√° incompleto
2025-06-18 19:54:53,571 - INFO - üîä Generando audio para: chapter_3.mp3
2025-06-18 19:55:00,625 - INFO - ‚úÖ Audio subido exitosamente: chapter_3.mp3
2025-06-18 19:55:00,761 - INFO - ‚úÖ Cap√≠tulo actualizado: 3
2025-06-18 19:55:02,540 - INFO - üîú Procesando siguiente cap√≠tulo: https://www.royalroad.com/fiction/28578/unfathomable-senior/chapter/427922/chapter-4
2025-06-18 19:55:05,156 - INFO - üöÄ Iniciando procesamiento de cap√≠tulo en: https://www.royalroad.com/fiction/28578/unfathomable-senior/chapter/427922/chapter-4
2025-06-18 19:55:05,846 - INFO - üîÅ Cap√≠tulo existente: 4 - actualizando si est√° incompleto
2025-06-18 19:55:05,846 - INFO - üîä Generando audio para: chapter_4.mp3
2025-06-18 19:55:33,293 - INFO - ‚úÖ Audio subido exitosamente: chapter_4.mp3
2025-06-18 19:55:33,413 - INFO - ‚úÖ Cap√≠tulo actualizado: 4
2025-06-18 19:55:35,864 - INFO - ‚úÖ Proceso completado - Driver cerrado
2025-06-18 20:00:08,510 - INFO - D:\PRUEBAS\drf-scrapping\scrap\main.py changed, reloading.
2025-06-18 20:01:11,276 - INFO - üöÄ Iniciando procesamiento de novela en: https://www.royalroad.com/fiction/28578/unfathomable-senior/chapter/427923/chapter-5
2025-06-18 20:01:11,277 - INFO - Configurando Chrome con traducci√≥n (Intento 1/3)...
2025-06-18 20:01:12,717 - INFO - ‚úÖ Chrome con traducci√≥n configurado exitosamente
2025-06-18 20:01:16,899 - INFO - ‚úÖ Banner de cookies cerrado.
2025-06-18 20:01:17,100 - INFO - üöÄ Iniciando procesamiento de cap√≠tulo en: https://www.royalroad.com/fiction/28578/unfathomable-senior/chapter/427923/chapter-5
2025-06-18 20:01:18,299 - INFO - üîÅ Cap√≠tulo existente: 5 - actualizando si est√° incompleto
2025-06-18 20:01:18,302 - INFO - üîä Generando audio para: chapter_5.mp3
2025-06-18 20:01:37,226 - INFO - ‚úÖ Audio subido exitosamente: chapter_5.mp3
2025-06-18 20:01:37,347 - INFO - ‚úÖ Cap√≠tulo actualizado: 5
2025-06-18 20:01:39,179 - INFO - üîú Procesando siguiente cap√≠tulo: https://www.royalroad.com/fiction/28578/unfathomable-senior/chapter/427924/chapter-6
2025-06-18 20:01:41,506 - INFO - üöÄ Iniciando procesamiento de cap√≠tulo en: https://www.royalroad.com/fiction/28578/unfathomable-senior/chapter/427924/chapter-6
2025-06-18 20:01:41,689 - INFO - üîÅ Cap√≠tulo existente: 6 - actualizando si est√° incompleto
2025-06-18 20:01:41,690 - INFO - üîä Generando audio para: chapter_6.mp3
2025-06-18 20:02:00,869 - INFO - ‚úÖ Audio subido exitosamente: chapter_6.mp3
2025-06-18 20:02:00,985 - INFO - ‚úÖ Cap√≠tulo actualizado: 6
2025-06-18 20:02:03,685 - INFO - ‚úÖ Proceso completado - Driver cerrado
2025-06-18 20:04:37,652 - INFO - D:\PRUEBAS\drf-scrapping\scrap\main.py changed, reloading.
2025-06-19 13:32:23,741 - INFO - D:\PRUEBAS\drf-scrapping\scrap\main.py changed, reloading.
2025-06-25 19:43:54,379 - ERROR - Internal Server Error: /api/novels/1/chapters/2/audio/
Traceback (most recent call last):
  File "D:\PRUEBAS\drf-scrapping\venv\Lib\site-packages\django\db\backends\base\base.py", line 279, in ensure_connection
    self.connect()
  File "D:\PRUEBAS\drf-scrapping\venv\Lib\site-packages\django\utils\asyncio.py", line 26, in inner
    return func(*args, **kwargs)
           ^^^^^^^^^^^^^^^^^^^^^
  File "D:\PRUEBAS\drf-scrapping\venv\Lib\site-packages\django\db\backends\base\base.py", line 256, in connect
    self.connection = self.get_new_connection(conn_params)
                      ^^^^^^^^^^^^^^^^^^^^^^^^^^^^^^^^^^^^
  File "D:\PRUEBAS\drf-scrapping\venv\Lib\site-packages\django\utils\asyncio.py", line 26, in inner
    return func(*args, **kwargs)
           ^^^^^^^^^^^^^^^^^^^^^
  File "D:\PRUEBAS\drf-scrapping\venv\Lib\site-packages\django\db\backends\postgresql\base.py", line 332, in get_new_connection
    connection = self.Database.connect(**conn_params)
                 ^^^^^^^^^^^^^^^^^^^^^^^^^^^^^^^^^^^^
  File "D:\PRUEBAS\drf-scrapping\venv\Lib\site-packages\psycopg2\__init__.py", line 122, in connect
    conn = _connect(dsn, connection_factory=connection_factory, **kwasync)
           ^^^^^^^^^^^^^^^^^^^^^^^^^^^^^^^^^^^^^^^^^^^^^^^^^^^^^^^^^^^^^^^
psycopg2.OperationalError: connection to server at "34.27.37.38", port 5432 failed: Connection timed out (0x0000274C/10060)
	Is the server running on that host and accepting TCP/IP connections?


The above exception was the direct cause of the following exception:

Traceback (most recent call last):
  File "D:\PRUEBAS\drf-scrapping\venv\Lib\site-packages\django\core\handlers\exception.py", line 55, in inner
    response = get_response(request)
               ^^^^^^^^^^^^^^^^^^^^^
  File "D:\PRUEBAS\drf-scrapping\venv\Lib\site-packages\django\core\handlers\base.py", line 197, in _get_response
    response = wrapped_callback(request, *callback_args, **callback_kwargs)
               ^^^^^^^^^^^^^^^^^^^^^^^^^^^^^^^^^^^^^^^^^^^^^^^^^^^^^^^^^^^^
  File "D:\PRUEBAS\drf-scrapping\venv\Lib\site-packages\django\views\decorators\csrf.py", line 65, in _view_wrapper
    return view_func(request, *args, **kwargs)
           ^^^^^^^^^^^^^^^^^^^^^^^^^^^^^^^^^^^
  File "D:\PRUEBAS\drf-scrapping\venv\Lib\site-packages\django\views\generic\base.py", line 104, in view
    return self.dispatch(request, *args, **kwargs)
           ^^^^^^^^^^^^^^^^^^^^^^^^^^^^^^^^^^^^^^^
  File "D:\PRUEBAS\drf-scrapping\venv\Lib\site-packages\rest_framework\views.py", line 515, in dispatch
    response = self.handle_exception(exc)
               ^^^^^^^^^^^^^^^^^^^^^^^^^^
  File "D:\PRUEBAS\drf-scrapping\venv\Lib\site-packages\rest_framework\views.py", line 475, in handle_exception
    self.raise_uncaught_exception(exc)
  File "D:\PRUEBAS\drf-scrapping\venv\Lib\site-packages\rest_framework\views.py", line 486, in raise_uncaught_exception
    raise exc
  File "D:\PRUEBAS\drf-scrapping\venv\Lib\site-packages\rest_framework\views.py", line 512, in dispatch
    response = handler(request, *args, **kwargs)
               ^^^^^^^^^^^^^^^^^^^^^^^^^^^^^^^^^
  File "D:\PRUEBAS\drf-scrapping\venv\Lib\site-packages\rest_framework\decorators.py", line 50, in handler
    return func(*args, **kwargs)
           ^^^^^^^^^^^^^^^^^^^^^
  File "D:\PRUEBAS\drf-scrapping\api\views.py", line 67, in get_or_create_chapter
    chapter = get_object_or_404(Chapter, pk=chapter_id, novel_id=novel_id)
              ^^^^^^^^^^^^^^^^^^^^^^^^^^^^^^^^^^^^^^^^^^^^^^^^^^^^^^^^^^^^
  File "D:\PRUEBAS\drf-scrapping\venv\Lib\site-packages\django\shortcuts.py", line 90, in get_object_or_404
    return queryset.get(*args, **kwargs)
           ^^^^^^^^^^^^^^^^^^^^^^^^^^^^^
  File "D:\PRUEBAS\drf-scrapping\venv\Lib\site-packages\django\db\models\query.py", line 629, in get
    num = len(clone)
          ^^^^^^^^^^
  File "D:\PRUEBAS\drf-scrapping\venv\Lib\site-packages\django\db\models\query.py", line 366, in __len__
    self._fetch_all()
  File "D:\PRUEBAS\drf-scrapping\venv\Lib\site-packages\django\db\models\query.py", line 1945, in _fetch_all
    self._result_cache = list(self._iterable_class(self))
                         ^^^^^^^^^^^^^^^^^^^^^^^^^^^^^^^^
  File "D:\PRUEBAS\drf-scrapping\venv\Lib\site-packages\django\db\models\query.py", line 91, in __iter__
    results = compiler.execute_sql(
              ^^^^^^^^^^^^^^^^^^^^^
  File "D:\PRUEBAS\drf-scrapping\venv\Lib\site-packages\django\db\models\sql\compiler.py", line 1621, in execute_sql
    cursor = self.connection.cursor()
             ^^^^^^^^^^^^^^^^^^^^^^^^
  File "D:\PRUEBAS\drf-scrapping\venv\Lib\site-packages\django\utils\asyncio.py", line 26, in inner
    return func(*args, **kwargs)
           ^^^^^^^^^^^^^^^^^^^^^
  File "D:\PRUEBAS\drf-scrapping\venv\Lib\site-packages\django\db\backends\base\base.py", line 320, in cursor
    return self._cursor()
           ^^^^^^^^^^^^^^
  File "D:\PRUEBAS\drf-scrapping\venv\Lib\site-packages\django\db\backends\base\base.py", line 296, in _cursor
    self.ensure_connection()
  File "D:\PRUEBAS\drf-scrapping\venv\Lib\site-packages\django\utils\asyncio.py", line 26, in inner
    return func(*args, **kwargs)
           ^^^^^^^^^^^^^^^^^^^^^
  File "D:\PRUEBAS\drf-scrapping\venv\Lib\site-packages\django\db\backends\base\base.py", line 278, in ensure_connection
    with self.wrap_database_errors:
         ^^^^^^^^^^^^^^^^^^^^^^^^^
  File "D:\PRUEBAS\drf-scrapping\venv\Lib\site-packages\django\db\utils.py", line 91, in __exit__
    raise dj_exc_value.with_traceback(traceback) from exc_value
  File "D:\PRUEBAS\drf-scrapping\venv\Lib\site-packages\django\db\backends\base\base.py", line 279, in ensure_connection
    self.connect()
  File "D:\PRUEBAS\drf-scrapping\venv\Lib\site-packages\django\utils\asyncio.py", line 26, in inner
    return func(*args, **kwargs)
           ^^^^^^^^^^^^^^^^^^^^^
  File "D:\PRUEBAS\drf-scrapping\venv\Lib\site-packages\django\db\backends\base\base.py", line 256, in connect
    self.connection = self.get_new_connection(conn_params)
                      ^^^^^^^^^^^^^^^^^^^^^^^^^^^^^^^^^^^^
  File "D:\PRUEBAS\drf-scrapping\venv\Lib\site-packages\django\utils\asyncio.py", line 26, in inner
    return func(*args, **kwargs)
           ^^^^^^^^^^^^^^^^^^^^^
  File "D:\PRUEBAS\drf-scrapping\venv\Lib\site-packages\django\db\backends\postgresql\base.py", line 332, in get_new_connection
    connection = self.Database.connect(**conn_params)
                 ^^^^^^^^^^^^^^^^^^^^^^^^^^^^^^^^^^^^
  File "D:\PRUEBAS\drf-scrapping\venv\Lib\site-packages\psycopg2\__init__.py", line 122, in connect
    conn = _connect(dsn, connection_factory=connection_factory, **kwasync)
           ^^^^^^^^^^^^^^^^^^^^^^^^^^^^^^^^^^^^^^^^^^^^^^^^^^^^^^^^^^^^^^^
django.db.utils.OperationalError: connection to server at "34.27.37.38", port 5432 failed: Connection timed out (0x0000274C/10060)
	Is the server running on that host and accepting TCP/IP connections?

2025-06-25 19:44:57,526 - ERROR - Internal Server Error: /api/novels/1/
Traceback (most recent call last):
  File "D:\PRUEBAS\drf-scrapping\venv\Lib\site-packages\django\db\backends\base\base.py", line 279, in ensure_connection
    self.connect()
  File "D:\PRUEBAS\drf-scrapping\venv\Lib\site-packages\django\utils\asyncio.py", line 26, in inner
    return func(*args, **kwargs)
           ^^^^^^^^^^^^^^^^^^^^^
  File "D:\PRUEBAS\drf-scrapping\venv\Lib\site-packages\django\db\backends\base\base.py", line 256, in connect
    self.connection = self.get_new_connection(conn_params)
                      ^^^^^^^^^^^^^^^^^^^^^^^^^^^^^^^^^^^^
  File "D:\PRUEBAS\drf-scrapping\venv\Lib\site-packages\django\utils\asyncio.py", line 26, in inner
    return func(*args, **kwargs)
           ^^^^^^^^^^^^^^^^^^^^^
  File "D:\PRUEBAS\drf-scrapping\venv\Lib\site-packages\django\db\backends\postgresql\base.py", line 332, in get_new_connection
    connection = self.Database.connect(**conn_params)
                 ^^^^^^^^^^^^^^^^^^^^^^^^^^^^^^^^^^^^
  File "D:\PRUEBAS\drf-scrapping\venv\Lib\site-packages\psycopg2\__init__.py", line 122, in connect
    conn = _connect(dsn, connection_factory=connection_factory, **kwasync)
           ^^^^^^^^^^^^^^^^^^^^^^^^^^^^^^^^^^^^^^^^^^^^^^^^^^^^^^^^^^^^^^^
psycopg2.OperationalError: connection to server at "34.27.37.38", port 5432 failed: Connection timed out (0x0000274C/10060)
	Is the server running on that host and accepting TCP/IP connections?


The above exception was the direct cause of the following exception:

Traceback (most recent call last):
  File "D:\PRUEBAS\drf-scrapping\venv\Lib\site-packages\django\core\handlers\exception.py", line 55, in inner
    response = get_response(request)
               ^^^^^^^^^^^^^^^^^^^^^
  File "D:\PRUEBAS\drf-scrapping\venv\Lib\site-packages\django\core\handlers\base.py", line 197, in _get_response
    response = wrapped_callback(request, *callback_args, **callback_kwargs)
               ^^^^^^^^^^^^^^^^^^^^^^^^^^^^^^^^^^^^^^^^^^^^^^^^^^^^^^^^^^^^
  File "D:\PRUEBAS\drf-scrapping\venv\Lib\site-packages\django\views\decorators\csrf.py", line 65, in _view_wrapper
    return view_func(request, *args, **kwargs)
           ^^^^^^^^^^^^^^^^^^^^^^^^^^^^^^^^^^^
  File "D:\PRUEBAS\drf-scrapping\venv\Lib\site-packages\rest_framework\viewsets.py", line 125, in view
    return self.dispatch(request, *args, **kwargs)
           ^^^^^^^^^^^^^^^^^^^^^^^^^^^^^^^^^^^^^^^
  File "D:\PRUEBAS\drf-scrapping\venv\Lib\site-packages\rest_framework\views.py", line 515, in dispatch
    response = self.handle_exception(exc)
               ^^^^^^^^^^^^^^^^^^^^^^^^^^
  File "D:\PRUEBAS\drf-scrapping\venv\Lib\site-packages\rest_framework\views.py", line 475, in handle_exception
    self.raise_uncaught_exception(exc)
  File "D:\PRUEBAS\drf-scrapping\venv\Lib\site-packages\rest_framework\views.py", line 486, in raise_uncaught_exception
    raise exc
  File "D:\PRUEBAS\drf-scrapping\venv\Lib\site-packages\rest_framework\views.py", line 512, in dispatch
    response = handler(request, *args, **kwargs)
               ^^^^^^^^^^^^^^^^^^^^^^^^^^^^^^^^^
  File "D:\PRUEBAS\drf-scrapping\venv\Lib\site-packages\rest_framework\mixins.py", line 54, in retrieve
    instance = self.get_object()
               ^^^^^^^^^^^^^^^^^
  File "D:\PRUEBAS\drf-scrapping\venv\Lib\site-packages\rest_framework\generics.py", line 100, in get_object
    obj = get_object_or_404(queryset, **filter_kwargs)
          ^^^^^^^^^^^^^^^^^^^^^^^^^^^^^^^^^^^^^^^^^^^^
  File "D:\PRUEBAS\drf-scrapping\venv\Lib\site-packages\rest_framework\generics.py", line 19, in get_object_or_404
    return _get_object_or_404(queryset, *filter_args, **filter_kwargs)
           ^^^^^^^^^^^^^^^^^^^^^^^^^^^^^^^^^^^^^^^^^^^^^^^^^^^^^^^^^^^
  File "D:\PRUEBAS\drf-scrapping\venv\Lib\site-packages\django\shortcuts.py", line 90, in get_object_or_404
    return queryset.get(*args, **kwargs)
           ^^^^^^^^^^^^^^^^^^^^^^^^^^^^^
  File "D:\PRUEBAS\drf-scrapping\venv\Lib\site-packages\django\db\models\query.py", line 629, in get
    num = len(clone)
          ^^^^^^^^^^
  File "D:\PRUEBAS\drf-scrapping\venv\Lib\site-packages\django\db\models\query.py", line 366, in __len__
    self._fetch_all()
  File "D:\PRUEBAS\drf-scrapping\venv\Lib\site-packages\django\db\models\query.py", line 1945, in _fetch_all
    self._result_cache = list(self._iterable_class(self))
                         ^^^^^^^^^^^^^^^^^^^^^^^^^^^^^^^^
  File "D:\PRUEBAS\drf-scrapping\venv\Lib\site-packages\django\db\models\query.py", line 91, in __iter__
    results = compiler.execute_sql(
              ^^^^^^^^^^^^^^^^^^^^^
  File "D:\PRUEBAS\drf-scrapping\venv\Lib\site-packages\django\db\models\sql\compiler.py", line 1621, in execute_sql
    cursor = self.connection.cursor()
             ^^^^^^^^^^^^^^^^^^^^^^^^
  File "D:\PRUEBAS\drf-scrapping\venv\Lib\site-packages\django\utils\asyncio.py", line 26, in inner
    return func(*args, **kwargs)
           ^^^^^^^^^^^^^^^^^^^^^
  File "D:\PRUEBAS\drf-scrapping\venv\Lib\site-packages\django\db\backends\base\base.py", line 320, in cursor
    return self._cursor()
           ^^^^^^^^^^^^^^
  File "D:\PRUEBAS\drf-scrapping\venv\Lib\site-packages\django\db\backends\base\base.py", line 296, in _cursor
    self.ensure_connection()
  File "D:\PRUEBAS\drf-scrapping\venv\Lib\site-packages\django\utils\asyncio.py", line 26, in inner
    return func(*args, **kwargs)
           ^^^^^^^^^^^^^^^^^^^^^
  File "D:\PRUEBAS\drf-scrapping\venv\Lib\site-packages\django\db\backends\base\base.py", line 278, in ensure_connection
    with self.wrap_database_errors:
         ^^^^^^^^^^^^^^^^^^^^^^^^^
  File "D:\PRUEBAS\drf-scrapping\venv\Lib\site-packages\django\db\utils.py", line 91, in __exit__
    raise dj_exc_value.with_traceback(traceback) from exc_value
  File "D:\PRUEBAS\drf-scrapping\venv\Lib\site-packages\django\db\backends\base\base.py", line 279, in ensure_connection
    self.connect()
  File "D:\PRUEBAS\drf-scrapping\venv\Lib\site-packages\django\utils\asyncio.py", line 26, in inner
    return func(*args, **kwargs)
           ^^^^^^^^^^^^^^^^^^^^^
  File "D:\PRUEBAS\drf-scrapping\venv\Lib\site-packages\django\db\backends\base\base.py", line 256, in connect
    self.connection = self.get_new_connection(conn_params)
                      ^^^^^^^^^^^^^^^^^^^^^^^^^^^^^^^^^^^^
  File "D:\PRUEBAS\drf-scrapping\venv\Lib\site-packages\django\utils\asyncio.py", line 26, in inner
    return func(*args, **kwargs)
           ^^^^^^^^^^^^^^^^^^^^^
  File "D:\PRUEBAS\drf-scrapping\venv\Lib\site-packages\django\db\backends\postgresql\base.py", line 332, in get_new_connection
    connection = self.Database.connect(**conn_params)
                 ^^^^^^^^^^^^^^^^^^^^^^^^^^^^^^^^^^^^
  File "D:\PRUEBAS\drf-scrapping\venv\Lib\site-packages\psycopg2\__init__.py", line 122, in connect
    conn = _connect(dsn, connection_factory=connection_factory, **kwasync)
           ^^^^^^^^^^^^^^^^^^^^^^^^^^^^^^^^^^^^^^^^^^^^^^^^^^^^^^^^^^^^^^^
django.db.utils.OperationalError: connection to server at "34.27.37.38", port 5432 failed: Connection timed out (0x0000274C/10060)
	Is the server running on that host and accepting TCP/IP connections?

2025-06-25 19:44:59,434 - ERROR - Internal Server Error: /api/novels/1/
Traceback (most recent call last):
  File "D:\PRUEBAS\drf-scrapping\venv\Lib\site-packages\django\db\backends\base\base.py", line 279, in ensure_connection
    self.connect()
  File "D:\PRUEBAS\drf-scrapping\venv\Lib\site-packages\django\utils\asyncio.py", line 26, in inner
    return func(*args, **kwargs)
           ^^^^^^^^^^^^^^^^^^^^^
  File "D:\PRUEBAS\drf-scrapping\venv\Lib\site-packages\django\db\backends\base\base.py", line 256, in connect
    self.connection = self.get_new_connection(conn_params)
                      ^^^^^^^^^^^^^^^^^^^^^^^^^^^^^^^^^^^^
  File "D:\PRUEBAS\drf-scrapping\venv\Lib\site-packages\django\utils\asyncio.py", line 26, in inner
    return func(*args, **kwargs)
           ^^^^^^^^^^^^^^^^^^^^^
  File "D:\PRUEBAS\drf-scrapping\venv\Lib\site-packages\django\db\backends\postgresql\base.py", line 332, in get_new_connection
    connection = self.Database.connect(**conn_params)
                 ^^^^^^^^^^^^^^^^^^^^^^^^^^^^^^^^^^^^
  File "D:\PRUEBAS\drf-scrapping\venv\Lib\site-packages\psycopg2\__init__.py", line 122, in connect
    conn = _connect(dsn, connection_factory=connection_factory, **kwasync)
           ^^^^^^^^^^^^^^^^^^^^^^^^^^^^^^^^^^^^^^^^^^^^^^^^^^^^^^^^^^^^^^^
psycopg2.OperationalError: connection to server at "34.27.37.38", port 5432 failed: Connection timed out (0x0000274C/10060)
	Is the server running on that host and accepting TCP/IP connections?


The above exception was the direct cause of the following exception:

Traceback (most recent call last):
  File "D:\PRUEBAS\drf-scrapping\venv\Lib\site-packages\django\core\handlers\exception.py", line 55, in inner
    response = get_response(request)
               ^^^^^^^^^^^^^^^^^^^^^
  File "D:\PRUEBAS\drf-scrapping\venv\Lib\site-packages\django\core\handlers\base.py", line 197, in _get_response
    response = wrapped_callback(request, *callback_args, **callback_kwargs)
               ^^^^^^^^^^^^^^^^^^^^^^^^^^^^^^^^^^^^^^^^^^^^^^^^^^^^^^^^^^^^
  File "D:\PRUEBAS\drf-scrapping\venv\Lib\site-packages\django\views\decorators\csrf.py", line 65, in _view_wrapper
    return view_func(request, *args, **kwargs)
           ^^^^^^^^^^^^^^^^^^^^^^^^^^^^^^^^^^^
  File "D:\PRUEBAS\drf-scrapping\venv\Lib\site-packages\rest_framework\viewsets.py", line 125, in view
    return self.dispatch(request, *args, **kwargs)
           ^^^^^^^^^^^^^^^^^^^^^^^^^^^^^^^^^^^^^^^
  File "D:\PRUEBAS\drf-scrapping\venv\Lib\site-packages\rest_framework\views.py", line 515, in dispatch
    response = self.handle_exception(exc)
               ^^^^^^^^^^^^^^^^^^^^^^^^^^
  File "D:\PRUEBAS\drf-scrapping\venv\Lib\site-packages\rest_framework\views.py", line 475, in handle_exception
    self.raise_uncaught_exception(exc)
  File "D:\PRUEBAS\drf-scrapping\venv\Lib\site-packages\rest_framework\views.py", line 486, in raise_uncaught_exception
    raise exc
  File "D:\PRUEBAS\drf-scrapping\venv\Lib\site-packages\rest_framework\views.py", line 512, in dispatch
    response = handler(request, *args, **kwargs)
               ^^^^^^^^^^^^^^^^^^^^^^^^^^^^^^^^^
  File "D:\PRUEBAS\drf-scrapping\venv\Lib\site-packages\rest_framework\mixins.py", line 54, in retrieve
    instance = self.get_object()
               ^^^^^^^^^^^^^^^^^
  File "D:\PRUEBAS\drf-scrapping\venv\Lib\site-packages\rest_framework\generics.py", line 100, in get_object
    obj = get_object_or_404(queryset, **filter_kwargs)
          ^^^^^^^^^^^^^^^^^^^^^^^^^^^^^^^^^^^^^^^^^^^^
  File "D:\PRUEBAS\drf-scrapping\venv\Lib\site-packages\rest_framework\generics.py", line 19, in get_object_or_404
    return _get_object_or_404(queryset, *filter_args, **filter_kwargs)
           ^^^^^^^^^^^^^^^^^^^^^^^^^^^^^^^^^^^^^^^^^^^^^^^^^^^^^^^^^^^
  File "D:\PRUEBAS\drf-scrapping\venv\Lib\site-packages\django\shortcuts.py", line 90, in get_object_or_404
    return queryset.get(*args, **kwargs)
           ^^^^^^^^^^^^^^^^^^^^^^^^^^^^^
  File "D:\PRUEBAS\drf-scrapping\venv\Lib\site-packages\django\db\models\query.py", line 629, in get
    num = len(clone)
          ^^^^^^^^^^
  File "D:\PRUEBAS\drf-scrapping\venv\Lib\site-packages\django\db\models\query.py", line 366, in __len__
    self._fetch_all()
  File "D:\PRUEBAS\drf-scrapping\venv\Lib\site-packages\django\db\models\query.py", line 1945, in _fetch_all
    self._result_cache = list(self._iterable_class(self))
                         ^^^^^^^^^^^^^^^^^^^^^^^^^^^^^^^^
  File "D:\PRUEBAS\drf-scrapping\venv\Lib\site-packages\django\db\models\query.py", line 91, in __iter__
    results = compiler.execute_sql(
              ^^^^^^^^^^^^^^^^^^^^^
  File "D:\PRUEBAS\drf-scrapping\venv\Lib\site-packages\django\db\models\sql\compiler.py", line 1621, in execute_sql
    cursor = self.connection.cursor()
             ^^^^^^^^^^^^^^^^^^^^^^^^
  File "D:\PRUEBAS\drf-scrapping\venv\Lib\site-packages\django\utils\asyncio.py", line 26, in inner
    return func(*args, **kwargs)
           ^^^^^^^^^^^^^^^^^^^^^
  File "D:\PRUEBAS\drf-scrapping\venv\Lib\site-packages\django\db\backends\base\base.py", line 320, in cursor
    return self._cursor()
           ^^^^^^^^^^^^^^
  File "D:\PRUEBAS\drf-scrapping\venv\Lib\site-packages\django\db\backends\base\base.py", line 296, in _cursor
    self.ensure_connection()
  File "D:\PRUEBAS\drf-scrapping\venv\Lib\site-packages\django\utils\asyncio.py", line 26, in inner
    return func(*args, **kwargs)
           ^^^^^^^^^^^^^^^^^^^^^
  File "D:\PRUEBAS\drf-scrapping\venv\Lib\site-packages\django\db\backends\base\base.py", line 278, in ensure_connection
    with self.wrap_database_errors:
         ^^^^^^^^^^^^^^^^^^^^^^^^^
  File "D:\PRUEBAS\drf-scrapping\venv\Lib\site-packages\django\db\utils.py", line 91, in __exit__
    raise dj_exc_value.with_traceback(traceback) from exc_value
  File "D:\PRUEBAS\drf-scrapping\venv\Lib\site-packages\django\db\backends\base\base.py", line 279, in ensure_connection
    self.connect()
  File "D:\PRUEBAS\drf-scrapping\venv\Lib\site-packages\django\utils\asyncio.py", line 26, in inner
    return func(*args, **kwargs)
           ^^^^^^^^^^^^^^^^^^^^^
  File "D:\PRUEBAS\drf-scrapping\venv\Lib\site-packages\django\db\backends\base\base.py", line 256, in connect
    self.connection = self.get_new_connection(conn_params)
                      ^^^^^^^^^^^^^^^^^^^^^^^^^^^^^^^^^^^^
  File "D:\PRUEBAS\drf-scrapping\venv\Lib\site-packages\django\utils\asyncio.py", line 26, in inner
    return func(*args, **kwargs)
           ^^^^^^^^^^^^^^^^^^^^^
  File "D:\PRUEBAS\drf-scrapping\venv\Lib\site-packages\django\db\backends\postgresql\base.py", line 332, in get_new_connection
    connection = self.Database.connect(**conn_params)
                 ^^^^^^^^^^^^^^^^^^^^^^^^^^^^^^^^^^^^
  File "D:\PRUEBAS\drf-scrapping\venv\Lib\site-packages\psycopg2\__init__.py", line 122, in connect
    conn = _connect(dsn, connection_factory=connection_factory, **kwasync)
           ^^^^^^^^^^^^^^^^^^^^^^^^^^^^^^^^^^^^^^^^^^^^^^^^^^^^^^^^^^^^^^^
django.db.utils.OperationalError: connection to server at "34.27.37.38", port 5432 failed: Connection timed out (0x0000274C/10060)
	Is the server running on that host and accepting TCP/IP connections?

2025-06-25 19:45:18,520 - ERROR - Internal Server Error: /api/novels/1/chapters/
Traceback (most recent call last):
  File "D:\PRUEBAS\drf-scrapping\venv\Lib\site-packages\django\db\backends\base\base.py", line 279, in ensure_connection
    self.connect()
  File "D:\PRUEBAS\drf-scrapping\venv\Lib\site-packages\django\utils\asyncio.py", line 26, in inner
    return func(*args, **kwargs)
           ^^^^^^^^^^^^^^^^^^^^^
  File "D:\PRUEBAS\drf-scrapping\venv\Lib\site-packages\django\db\backends\base\base.py", line 256, in connect
    self.connection = self.get_new_connection(conn_params)
                      ^^^^^^^^^^^^^^^^^^^^^^^^^^^^^^^^^^^^
  File "D:\PRUEBAS\drf-scrapping\venv\Lib\site-packages\django\utils\asyncio.py", line 26, in inner
    return func(*args, **kwargs)
           ^^^^^^^^^^^^^^^^^^^^^
  File "D:\PRUEBAS\drf-scrapping\venv\Lib\site-packages\django\db\backends\postgresql\base.py", line 332, in get_new_connection
    connection = self.Database.connect(**conn_params)
                 ^^^^^^^^^^^^^^^^^^^^^^^^^^^^^^^^^^^^
  File "D:\PRUEBAS\drf-scrapping\venv\Lib\site-packages\psycopg2\__init__.py", line 122, in connect
    conn = _connect(dsn, connection_factory=connection_factory, **kwasync)
           ^^^^^^^^^^^^^^^^^^^^^^^^^^^^^^^^^^^^^^^^^^^^^^^^^^^^^^^^^^^^^^^
psycopg2.OperationalError: connection to server at "34.27.37.38", port 5432 failed: Connection timed out (0x0000274C/10060)
	Is the server running on that host and accepting TCP/IP connections?


The above exception was the direct cause of the following exception:

Traceback (most recent call last):
  File "D:\PRUEBAS\drf-scrapping\venv\Lib\site-packages\django\core\handlers\exception.py", line 55, in inner
    response = get_response(request)
               ^^^^^^^^^^^^^^^^^^^^^
  File "D:\PRUEBAS\drf-scrapping\venv\Lib\site-packages\django\core\handlers\base.py", line 197, in _get_response
    response = wrapped_callback(request, *callback_args, **callback_kwargs)
               ^^^^^^^^^^^^^^^^^^^^^^^^^^^^^^^^^^^^^^^^^^^^^^^^^^^^^^^^^^^^
  File "D:\PRUEBAS\drf-scrapping\venv\Lib\site-packages\django\views\decorators\csrf.py", line 65, in _view_wrapper
    return view_func(request, *args, **kwargs)
           ^^^^^^^^^^^^^^^^^^^^^^^^^^^^^^^^^^^
  File "D:\PRUEBAS\drf-scrapping\venv\Lib\site-packages\rest_framework\viewsets.py", line 125, in view
    return self.dispatch(request, *args, **kwargs)
           ^^^^^^^^^^^^^^^^^^^^^^^^^^^^^^^^^^^^^^^
  File "D:\PRUEBAS\drf-scrapping\venv\Lib\site-packages\rest_framework\views.py", line 515, in dispatch
    response = self.handle_exception(exc)
               ^^^^^^^^^^^^^^^^^^^^^^^^^^
  File "D:\PRUEBAS\drf-scrapping\venv\Lib\site-packages\rest_framework\views.py", line 475, in handle_exception
    self.raise_uncaught_exception(exc)
  File "D:\PRUEBAS\drf-scrapping\venv\Lib\site-packages\rest_framework\views.py", line 486, in raise_uncaught_exception
    raise exc
  File "D:\PRUEBAS\drf-scrapping\venv\Lib\site-packages\rest_framework\views.py", line 512, in dispatch
    response = handler(request, *args, **kwargs)
               ^^^^^^^^^^^^^^^^^^^^^^^^^^^^^^^^^
  File "D:\PRUEBAS\drf-scrapping\venv\Lib\site-packages\rest_framework\mixins.py", line 46, in list
    return Response(serializer.data)
                    ^^^^^^^^^^^^^^^
  File "D:\PRUEBAS\drf-scrapping\venv\Lib\site-packages\rest_framework\serializers.py", line 797, in data
    ret = super().data
          ^^^^^^^^^^^^
  File "D:\PRUEBAS\drf-scrapping\venv\Lib\site-packages\rest_framework\serializers.py", line 251, in data
    self._data = self.to_representation(self.instance)
                 ^^^^^^^^^^^^^^^^^^^^^^^^^^^^^^^^^^^^^
  File "D:\PRUEBAS\drf-scrapping\venv\Lib\site-packages\rest_framework\serializers.py", line 716, in to_representation
    self.child.to_representation(item) for item in iterable
                                                   ^^^^^^^^
  File "D:\PRUEBAS\drf-scrapping\venv\Lib\site-packages\django\db\models\query.py", line 384, in __iter__
    self._fetch_all()
  File "D:\PRUEBAS\drf-scrapping\venv\Lib\site-packages\django\db\models\query.py", line 1945, in _fetch_all
    self._result_cache = list(self._iterable_class(self))
                         ^^^^^^^^^^^^^^^^^^^^^^^^^^^^^^^^
  File "D:\PRUEBAS\drf-scrapping\venv\Lib\site-packages\django\db\models\query.py", line 91, in __iter__
    results = compiler.execute_sql(
              ^^^^^^^^^^^^^^^^^^^^^
  File "D:\PRUEBAS\drf-scrapping\venv\Lib\site-packages\django\db\models\sql\compiler.py", line 1621, in execute_sql
    cursor = self.connection.cursor()
             ^^^^^^^^^^^^^^^^^^^^^^^^
  File "D:\PRUEBAS\drf-scrapping\venv\Lib\site-packages\django\utils\asyncio.py", line 26, in inner
    return func(*args, **kwargs)
           ^^^^^^^^^^^^^^^^^^^^^
  File "D:\PRUEBAS\drf-scrapping\venv\Lib\site-packages\django\db\backends\base\base.py", line 320, in cursor
    return self._cursor()
           ^^^^^^^^^^^^^^
  File "D:\PRUEBAS\drf-scrapping\venv\Lib\site-packages\django\db\backends\base\base.py", line 296, in _cursor
    self.ensure_connection()
  File "D:\PRUEBAS\drf-scrapping\venv\Lib\site-packages\django\utils\asyncio.py", line 26, in inner
    return func(*args, **kwargs)
           ^^^^^^^^^^^^^^^^^^^^^
  File "D:\PRUEBAS\drf-scrapping\venv\Lib\site-packages\django\db\backends\base\base.py", line 278, in ensure_connection
    with self.wrap_database_errors:
         ^^^^^^^^^^^^^^^^^^^^^^^^^
  File "D:\PRUEBAS\drf-scrapping\venv\Lib\site-packages\django\db\utils.py", line 91, in __exit__
    raise dj_exc_value.with_traceback(traceback) from exc_value
  File "D:\PRUEBAS\drf-scrapping\venv\Lib\site-packages\django\db\backends\base\base.py", line 279, in ensure_connection
    self.connect()
  File "D:\PRUEBAS\drf-scrapping\venv\Lib\site-packages\django\utils\asyncio.py", line 26, in inner
    return func(*args, **kwargs)
           ^^^^^^^^^^^^^^^^^^^^^
  File "D:\PRUEBAS\drf-scrapping\venv\Lib\site-packages\django\db\backends\base\base.py", line 256, in connect
    self.connection = self.get_new_connection(conn_params)
                      ^^^^^^^^^^^^^^^^^^^^^^^^^^^^^^^^^^^^
  File "D:\PRUEBAS\drf-scrapping\venv\Lib\site-packages\django\utils\asyncio.py", line 26, in inner
    return func(*args, **kwargs)
           ^^^^^^^^^^^^^^^^^^^^^
  File "D:\PRUEBAS\drf-scrapping\venv\Lib\site-packages\django\db\backends\postgresql\base.py", line 332, in get_new_connection
    connection = self.Database.connect(**conn_params)
                 ^^^^^^^^^^^^^^^^^^^^^^^^^^^^^^^^^^^^
  File "D:\PRUEBAS\drf-scrapping\venv\Lib\site-packages\psycopg2\__init__.py", line 122, in connect
    conn = _connect(dsn, connection_factory=connection_factory, **kwasync)
           ^^^^^^^^^^^^^^^^^^^^^^^^^^^^^^^^^^^^^^^^^^^^^^^^^^^^^^^^^^^^^^^
django.db.utils.OperationalError: connection to server at "34.27.37.38", port 5432 failed: Connection timed out (0x0000274C/10060)
	Is the server running on that host and accepting TCP/IP connections?

2025-07-20 12:43:21,444 - ERROR - Error al traducir con Argos Translate
Traceback (most recent call last):
  File "D:\PRUEBAS\drf-scrapping\venv\Lib\site-packages\urllib3\connection.py", line 198, in _new_conn
    sock = connection.create_connection(
           ^^^^^^^^^^^^^^^^^^^^^^^^^^^^^
  File "D:\PRUEBAS\drf-scrapping\venv\Lib\site-packages\urllib3\util\connection.py", line 85, in create_connection
    raise err
  File "D:\PRUEBAS\drf-scrapping\venv\Lib\site-packages\urllib3\util\connection.py", line 73, in create_connection
    sock.connect(sa)
ConnectionRefusedError: [WinError 10061] No se puede establecer una conexi√≥n ya que el equipo de destino deneg√≥ expresamente dicha conexi√≥n

The above exception was the direct cause of the following exception:

Traceback (most recent call last):
  File "D:\PRUEBAS\drf-scrapping\venv\Lib\site-packages\urllib3\connectionpool.py", line 787, in urlopen
    response = self._make_request(
               ^^^^^^^^^^^^^^^^^^^
  File "D:\PRUEBAS\drf-scrapping\venv\Lib\site-packages\urllib3\connectionpool.py", line 493, in _make_request
    conn.request(
  File "D:\PRUEBAS\drf-scrapping\venv\Lib\site-packages\urllib3\connection.py", line 445, in request
    self.endheaders()
  File "C:\Users\Usuario\AppData\Local\Programs\Python\Python312\Lib\http\client.py", line 1333, in endheaders
    self._send_output(message_body, encode_chunked=encode_chunked)
  File "C:\Users\Usuario\AppData\Local\Programs\Python\Python312\Lib\http\client.py", line 1093, in _send_output
    self.send(msg)
  File "C:\Users\Usuario\AppData\Local\Programs\Python\Python312\Lib\http\client.py", line 1037, in send
    self.connect()
  File "D:\PRUEBAS\drf-scrapping\venv\Lib\site-packages\urllib3\connection.py", line 276, in connect
    self.sock = self._new_conn()
                ^^^^^^^^^^^^^^^^
  File "D:\PRUEBAS\drf-scrapping\venv\Lib\site-packages\urllib3\connection.py", line 213, in _new_conn
    raise NewConnectionError(
urllib3.exceptions.NewConnectionError: <urllib3.connection.HTTPConnection object at 0x000001C4C2653410>: Failed to establish a new connection: [WinError 10061] No se puede establecer una conexi√≥n ya que el equipo de destino deneg√≥ expresamente dicha conexi√≥n

The above exception was the direct cause of the following exception:

Traceback (most recent call last):
  File "D:\PRUEBAS\drf-scrapping\venv\Lib\site-packages\requests\adapters.py", line 667, in send
    resp = conn.urlopen(
           ^^^^^^^^^^^^^
  File "D:\PRUEBAS\drf-scrapping\venv\Lib\site-packages\urllib3\connectionpool.py", line 841, in urlopen
    retries = retries.increment(
              ^^^^^^^^^^^^^^^^^^
  File "D:\PRUEBAS\drf-scrapping\venv\Lib\site-packages\urllib3\util\retry.py", line 519, in increment
    raise MaxRetryError(_pool, url, reason) from reason  # type: ignore[arg-type]
    ^^^^^^^^^^^^^^^^^^^^^^^^^^^^^^^^^^^^^^^^^^^^^^^^^^^
urllib3.exceptions.MaxRetryError: HTTPConnectionPool(host='localhost', port=5000): Max retries exceeded with url: /translate (Caused by NewConnectionError('<urllib3.connection.HTTPConnection object at 0x000001C4C2653410>: Failed to establish a new connection: [WinError 10061] No se puede establecer una conexi√≥n ya que el equipo de destino deneg√≥ expresamente dicha conexi√≥n'))

During handling of the above exception, another exception occurred:

Traceback (most recent call last):
  File "D:\PRUEBAS\drf-scrapping\scrap\scrap_chapters_list.py", line 26, in translate_to_spanish
    response = requests.post(url, data=payload, timeout=10)
               ^^^^^^^^^^^^^^^^^^^^^^^^^^^^^^^^^^^^^^^^^^^^
  File "D:\PRUEBAS\drf-scrapping\venv\Lib\site-packages\requests\api.py", line 115, in post
    return request("post", url, data=data, json=json, **kwargs)
           ^^^^^^^^^^^^^^^^^^^^^^^^^^^^^^^^^^^^^^^^^^^^^^^^^^^^
  File "D:\PRUEBAS\drf-scrapping\venv\Lib\site-packages\requests\api.py", line 59, in request
    return session.request(method=method, url=url, **kwargs)
           ^^^^^^^^^^^^^^^^^^^^^^^^^^^^^^^^^^^^^^^^^^^^^^^^^
  File "D:\PRUEBAS\drf-scrapping\venv\Lib\site-packages\requests\sessions.py", line 589, in request
    resp = self.send(prep, **send_kwargs)
           ^^^^^^^^^^^^^^^^^^^^^^^^^^^^^^
  File "D:\PRUEBAS\drf-scrapping\venv\Lib\site-packages\requests\sessions.py", line 703, in send
    r = adapter.send(request, **kwargs)
        ^^^^^^^^^^^^^^^^^^^^^^^^^^^^^^^
  File "D:\PRUEBAS\drf-scrapping\venv\Lib\site-packages\requests\adapters.py", line 700, in send
    raise ConnectionError(e, request=request)
requests.exceptions.ConnectionError: HTTPConnectionPool(host='localhost', port=5000): Max retries exceeded with url: /translate (Caused by NewConnectionError('<urllib3.connection.HTTPConnection object at 0x000001C4C2653410>: Failed to establish a new connection: [WinError 10061] No se puede establecer una conexi√≥n ya que el equipo de destino deneg√≥ expresamente dicha conexi√≥n'))
2025-07-20 12:43:28,585 - ERROR - Error al traducir con Argos Translate
Traceback (most recent call last):
  File "D:\PRUEBAS\drf-scrapping\venv\Lib\site-packages\urllib3\connection.py", line 198, in _new_conn
    sock = connection.create_connection(
           ^^^^^^^^^^^^^^^^^^^^^^^^^^^^^
  File "D:\PRUEBAS\drf-scrapping\venv\Lib\site-packages\urllib3\util\connection.py", line 85, in create_connection
    raise err
  File "D:\PRUEBAS\drf-scrapping\venv\Lib\site-packages\urllib3\util\connection.py", line 73, in create_connection
    sock.connect(sa)
ConnectionRefusedError: [WinError 10061] No se puede establecer una conexi√≥n ya que el equipo de destino deneg√≥ expresamente dicha conexi√≥n

The above exception was the direct cause of the following exception:

Traceback (most recent call last):
  File "D:\PRUEBAS\drf-scrapping\venv\Lib\site-packages\urllib3\connectionpool.py", line 787, in urlopen
    response = self._make_request(
               ^^^^^^^^^^^^^^^^^^^
  File "D:\PRUEBAS\drf-scrapping\venv\Lib\site-packages\urllib3\connectionpool.py", line 493, in _make_request
    conn.request(
  File "D:\PRUEBAS\drf-scrapping\venv\Lib\site-packages\urllib3\connection.py", line 445, in request
    self.endheaders()
  File "C:\Users\Usuario\AppData\Local\Programs\Python\Python312\Lib\http\client.py", line 1333, in endheaders
    self._send_output(message_body, encode_chunked=encode_chunked)
  File "C:\Users\Usuario\AppData\Local\Programs\Python\Python312\Lib\http\client.py", line 1093, in _send_output
    self.send(msg)
  File "C:\Users\Usuario\AppData\Local\Programs\Python\Python312\Lib\http\client.py", line 1037, in send
    self.connect()
  File "D:\PRUEBAS\drf-scrapping\venv\Lib\site-packages\urllib3\connection.py", line 276, in connect
    self.sock = self._new_conn()
                ^^^^^^^^^^^^^^^^
  File "D:\PRUEBAS\drf-scrapping\venv\Lib\site-packages\urllib3\connection.py", line 213, in _new_conn
    raise NewConnectionError(
urllib3.exceptions.NewConnectionError: <urllib3.connection.HTTPConnection object at 0x000001C4C2676510>: Failed to establish a new connection: [WinError 10061] No se puede establecer una conexi√≥n ya que el equipo de destino deneg√≥ expresamente dicha conexi√≥n

The above exception was the direct cause of the following exception:

Traceback (most recent call last):
  File "D:\PRUEBAS\drf-scrapping\venv\Lib\site-packages\requests\adapters.py", line 667, in send
    resp = conn.urlopen(
           ^^^^^^^^^^^^^
  File "D:\PRUEBAS\drf-scrapping\venv\Lib\site-packages\urllib3\connectionpool.py", line 841, in urlopen
    retries = retries.increment(
              ^^^^^^^^^^^^^^^^^^
  File "D:\PRUEBAS\drf-scrapping\venv\Lib\site-packages\urllib3\util\retry.py", line 519, in increment
    raise MaxRetryError(_pool, url, reason) from reason  # type: ignore[arg-type]
    ^^^^^^^^^^^^^^^^^^^^^^^^^^^^^^^^^^^^^^^^^^^^^^^^^^^
urllib3.exceptions.MaxRetryError: HTTPConnectionPool(host='localhost', port=5000): Max retries exceeded with url: /translate (Caused by NewConnectionError('<urllib3.connection.HTTPConnection object at 0x000001C4C2676510>: Failed to establish a new connection: [WinError 10061] No se puede establecer una conexi√≥n ya que el equipo de destino deneg√≥ expresamente dicha conexi√≥n'))

During handling of the above exception, another exception occurred:

Traceback (most recent call last):
  File "D:\PRUEBAS\drf-scrapping\scrap\scrap_chapters_list.py", line 26, in translate_to_spanish
    response = requests.post(url, data=payload, timeout=10)
               ^^^^^^^^^^^^^^^^^^^^^^^^^^^^^^^^^^^^^^^^^^^^
  File "D:\PRUEBAS\drf-scrapping\venv\Lib\site-packages\requests\api.py", line 115, in post
    return request("post", url, data=data, json=json, **kwargs)
           ^^^^^^^^^^^^^^^^^^^^^^^^^^^^^^^^^^^^^^^^^^^^^^^^^^^^
  File "D:\PRUEBAS\drf-scrapping\venv\Lib\site-packages\requests\api.py", line 59, in request
    return session.request(method=method, url=url, **kwargs)
           ^^^^^^^^^^^^^^^^^^^^^^^^^^^^^^^^^^^^^^^^^^^^^^^^^
  File "D:\PRUEBAS\drf-scrapping\venv\Lib\site-packages\requests\sessions.py", line 589, in request
    resp = self.send(prep, **send_kwargs)
           ^^^^^^^^^^^^^^^^^^^^^^^^^^^^^^
  File "D:\PRUEBAS\drf-scrapping\venv\Lib\site-packages\requests\sessions.py", line 703, in send
    r = adapter.send(request, **kwargs)
        ^^^^^^^^^^^^^^^^^^^^^^^^^^^^^^^
  File "D:\PRUEBAS\drf-scrapping\venv\Lib\site-packages\requests\adapters.py", line 700, in send
    raise ConnectionError(e, request=request)
requests.exceptions.ConnectionError: HTTPConnectionPool(host='localhost', port=5000): Max retries exceeded with url: /translate (Caused by NewConnectionError('<urllib3.connection.HTTPConnection object at 0x000001C4C2676510>: Failed to establish a new connection: [WinError 10061] No se puede establecer una conexi√≥n ya que el equipo de destino deneg√≥ expresamente dicha conexi√≥n'))
2025-07-20 12:43:48,087 - INFO - üöÄ Iniciando procesamiento de novela en: https://www.royalroad.com/fiction/125512/the-last-archmage/chapter/2451002/chapter-1-how-low-can-one-go
2025-07-20 12:43:48,087 - INFO - Configurando Chrome con traducci√≥n (Intento 1/3)...
2025-07-20 12:43:51,078 - INFO - ‚úÖ Chrome con traducci√≥n configurado exitosamente
2025-07-20 12:43:54,988 - INFO - ‚úÖ Banner de cookies cerrado.
2025-07-20 12:43:55,189 - INFO - üöÄ Iniciando procesamiento de cap√≠tulo en: https://www.royalroad.com/fiction/125512/the-last-archmage/chapter/2451002/chapter-1-how-low-can-one-go
2025-07-20 12:43:56,345 - INFO - üîÅ Cap√≠tulo existente: 1125 - actualizando si est√° incompleto
2025-07-20 12:43:56,345 - INFO - üîä Generando audio para: chapter_1125.mp3
2025-07-20 12:44:07,780 - INFO - üöÄ Iniciando procesamiento de novela en: https://www.royalroad.com/fiction/125512/the-last-archmage/chapter/2451002/chapter-1-how-low-can-one-go
2025-07-20 12:44:07,780 - INFO - Configurando Chrome con traducci√≥n (Intento 1/3)...
2025-07-20 12:44:09,067 - INFO - ‚úÖ Chrome con traducci√≥n configurado exitosamente
2025-07-20 12:44:13,218 - INFO - ‚úÖ Banner de cookies cerrado.
2025-07-20 12:44:13,419 - INFO - üöÄ Iniciando procesamiento de cap√≠tulo en: https://www.royalroad.com/fiction/125512/the-last-archmage/chapter/2451002/chapter-1-how-low-can-one-go
2025-07-20 12:44:14,582 - INFO - üîÅ Cap√≠tulo existente: 1125 - actualizando si est√° incompleto
2025-07-20 12:44:14,583 - INFO - üîä Generando audio para: chapter_1125.mp3
2025-07-20 12:44:25,008 - ERROR - ‚ùå Error al generar audio: [WinError 32] El proceso no tiene acceso al archivo porque est√° siendo utilizado por otro proceso: 'C:\\Users\\Usuario\\AppData\\Local\\Temp\\drf_scrapping_audio\\chapter_1125.mp3'
2025-07-20 12:44:25,124 - INFO - ‚úÖ Cap√≠tulo actualizado: 1125
2025-07-20 12:44:25,455 - ERROR - ‚ùå Error al avanzar al siguiente cap√≠tulo: Message: no such element: Unable to locate element: {"method":"xpath","selector":"/html/body/div[3]/div/div/div/div/div[2]/div[2]/div[1]/div[2]/a"}
  (Session info: chrome=138.0.7204.101); For documentation on this error, please visit: https://www.selenium.dev/documentation/webdriver/troubleshooting/errors#no-such-element-exception
Stacktrace:
	GetHandleVerifier [0x0x7ff7153c6f65+78965]
	GetHandleVerifier [0x0x7ff7153c6fc0+79056]
	(No symbol) [0x0x7ff715159dda]
	(No symbol) [0x0x7ff7151b02ea]
	(No symbol) [0x0x7ff7151b059c]
	(No symbol) [0x0x7ff715203f37]
	(No symbol) [0x0x7ff7151d86af]
	(No symbol) [0x0x7ff715200dbe]
	(No symbol) [0x0x7ff7151d8443]
	(No symbol) [0x0x7ff7151a1311]
	(No symbol) [0x0x7ff7151a20a3]
	GetHandleVerifier [0x0x7ff71567e26d+2926461]
	GetHandleVerifier [0x0x7ff715678993+2903715]
	GetHandleVerifier [0x0x7ff715696aed+3026941]
	GetHandleVerifier [0x0x7ff7153e16fe+187406]
	GetHandleVerifier [0x0x7ff7153e96ef+220159]
	GetHandleVerifier [0x0x7ff7153cfaf4+114692]
	GetHandleVerifier [0x0x7ff7153cfca9+115129]
	GetHandleVerifier [0x0x7ff7153b64d8+10728]
	BaseThreadInitThunk [0x0x7ffdc178259d+29]
	RtlUserThreadStart [0x0x7ffdc2a8af78+40]

2025-07-20 12:44:25,455 - INFO - üõë No hay m√°s cap√≠tulos disponibles despu√©s del actual.
2025-07-20 12:44:27,622 - INFO - ‚úÖ Proceso completado - Driver cerrado
2025-07-20 12:44:38,129 - INFO - ‚úÖ Audio subido exitosamente: chapter_1125.mp3
2025-07-20 12:44:38,248 - INFO - ‚úÖ Cap√≠tulo actualizado: 1125
2025-07-20 12:44:38,677 - ERROR - ‚ùå Error al avanzar al siguiente cap√≠tulo: Message: no such element: Unable to locate element: {"method":"xpath","selector":"/html/body/div[3]/div/div/div/div/div[2]/div[2]/div[1]/div[2]/a"}
  (Session info: chrome=138.0.7204.101); For documentation on this error, please visit: https://www.selenium.dev/documentation/webdriver/troubleshooting/errors#no-such-element-exception
Stacktrace:
	GetHandleVerifier [0x0x7ff7153c6f65+78965]
	GetHandleVerifier [0x0x7ff7153c6fc0+79056]
	(No symbol) [0x0x7ff715159dda]
	(No symbol) [0x0x7ff7151b02ea]
	(No symbol) [0x0x7ff7151b059c]
	(No symbol) [0x0x7ff715203f37]
	(No symbol) [0x0x7ff7151d86af]
	(No symbol) [0x0x7ff715200dbe]
	(No symbol) [0x0x7ff7151d8443]
	(No symbol) [0x0x7ff7151a1311]
	(No symbol) [0x0x7ff7151a20a3]
	GetHandleVerifier [0x0x7ff71567e26d+2926461]
	GetHandleVerifier [0x0x7ff715678993+2903715]
	GetHandleVerifier [0x0x7ff715696aed+3026941]
	GetHandleVerifier [0x0x7ff7153e16fe+187406]
	GetHandleVerifier [0x0x7ff7153e96ef+220159]
	GetHandleVerifier [0x0x7ff7153cfaf4+114692]
	GetHandleVerifier [0x0x7ff7153cfca9+115129]
	GetHandleVerifier [0x0x7ff7153b64d8+10728]
	BaseThreadInitThunk [0x0x7ffdc178259d+29]
	RtlUserThreadStart [0x0x7ffdc2a8af78+40]

2025-07-20 12:44:38,677 - INFO - üõë No hay m√°s cap√≠tulos disponibles despu√©s del actual.
2025-07-20 12:44:40,845 - INFO - ‚úÖ Proceso completado - Driver cerrado
2025-07-22 15:52:15,849 - ERROR - Internal Server Error: /api/novels/1/
Traceback (most recent call last):
  File "D:\PRUEBAS\drf-scrapping\venv\Lib\site-packages\django\db\backends\base\base.py", line 279, in ensure_connection
    self.connect()
  File "D:\PRUEBAS\drf-scrapping\venv\Lib\site-packages\django\utils\asyncio.py", line 26, in inner
    return func(*args, **kwargs)
           ^^^^^^^^^^^^^^^^^^^^^
  File "D:\PRUEBAS\drf-scrapping\venv\Lib\site-packages\django\db\backends\base\base.py", line 256, in connect
    self.connection = self.get_new_connection(conn_params)
                      ^^^^^^^^^^^^^^^^^^^^^^^^^^^^^^^^^^^^
  File "D:\PRUEBAS\drf-scrapping\venv\Lib\site-packages\django\utils\asyncio.py", line 26, in inner
    return func(*args, **kwargs)
           ^^^^^^^^^^^^^^^^^^^^^
  File "D:\PRUEBAS\drf-scrapping\venv\Lib\site-packages\django\db\backends\postgresql\base.py", line 332, in get_new_connection
    connection = self.Database.connect(**conn_params)
                 ^^^^^^^^^^^^^^^^^^^^^^^^^^^^^^^^^^^^
  File "D:\PRUEBAS\drf-scrapping\venv\Lib\site-packages\psycopg2\__init__.py", line 122, in connect
    conn = _connect(dsn, connection_factory=connection_factory, **kwasync)
           ^^^^^^^^^^^^^^^^^^^^^^^^^^^^^^^^^^^^^^^^^^^^^^^^^^^^^^^^^^^^^^^
psycopg2.OperationalError: connection to server at "34.27.37.38", port 5432 failed: Connection timed out (0x0000274C/10060)
	Is the server running on that host and accepting TCP/IP connections?


The above exception was the direct cause of the following exception:

Traceback (most recent call last):
  File "D:\PRUEBAS\drf-scrapping\venv\Lib\site-packages\django\core\handlers\exception.py", line 55, in inner
    response = get_response(request)
               ^^^^^^^^^^^^^^^^^^^^^
  File "D:\PRUEBAS\drf-scrapping\venv\Lib\site-packages\django\core\handlers\base.py", line 197, in _get_response
    response = wrapped_callback(request, *callback_args, **callback_kwargs)
               ^^^^^^^^^^^^^^^^^^^^^^^^^^^^^^^^^^^^^^^^^^^^^^^^^^^^^^^^^^^^
  File "D:\PRUEBAS\drf-scrapping\venv\Lib\site-packages\django\views\decorators\csrf.py", line 65, in _view_wrapper
    return view_func(request, *args, **kwargs)
           ^^^^^^^^^^^^^^^^^^^^^^^^^^^^^^^^^^^
  File "D:\PRUEBAS\drf-scrapping\venv\Lib\site-packages\rest_framework\viewsets.py", line 125, in view
    return self.dispatch(request, *args, **kwargs)
           ^^^^^^^^^^^^^^^^^^^^^^^^^^^^^^^^^^^^^^^
  File "D:\PRUEBAS\drf-scrapping\venv\Lib\site-packages\rest_framework\views.py", line 515, in dispatch
    response = self.handle_exception(exc)
               ^^^^^^^^^^^^^^^^^^^^^^^^^^
  File "D:\PRUEBAS\drf-scrapping\venv\Lib\site-packages\rest_framework\views.py", line 475, in handle_exception
    self.raise_uncaught_exception(exc)
  File "D:\PRUEBAS\drf-scrapping\venv\Lib\site-packages\rest_framework\views.py", line 486, in raise_uncaught_exception
    raise exc
  File "D:\PRUEBAS\drf-scrapping\venv\Lib\site-packages\rest_framework\views.py", line 512, in dispatch
    response = handler(request, *args, **kwargs)
               ^^^^^^^^^^^^^^^^^^^^^^^^^^^^^^^^^
  File "D:\PRUEBAS\drf-scrapping\venv\Lib\site-packages\rest_framework\mixins.py", line 54, in retrieve
    instance = self.get_object()
               ^^^^^^^^^^^^^^^^^
  File "D:\PRUEBAS\drf-scrapping\venv\Lib\site-packages\rest_framework\generics.py", line 100, in get_object
    obj = get_object_or_404(queryset, **filter_kwargs)
          ^^^^^^^^^^^^^^^^^^^^^^^^^^^^^^^^^^^^^^^^^^^^
  File "D:\PRUEBAS\drf-scrapping\venv\Lib\site-packages\rest_framework\generics.py", line 19, in get_object_or_404
    return _get_object_or_404(queryset, *filter_args, **filter_kwargs)
           ^^^^^^^^^^^^^^^^^^^^^^^^^^^^^^^^^^^^^^^^^^^^^^^^^^^^^^^^^^^
  File "D:\PRUEBAS\drf-scrapping\venv\Lib\site-packages\django\shortcuts.py", line 90, in get_object_or_404
    return queryset.get(*args, **kwargs)
           ^^^^^^^^^^^^^^^^^^^^^^^^^^^^^
  File "D:\PRUEBAS\drf-scrapping\venv\Lib\site-packages\django\db\models\query.py", line 629, in get
    num = len(clone)
          ^^^^^^^^^^
  File "D:\PRUEBAS\drf-scrapping\venv\Lib\site-packages\django\db\models\query.py", line 366, in __len__
    self._fetch_all()
  File "D:\PRUEBAS\drf-scrapping\venv\Lib\site-packages\django\db\models\query.py", line 1945, in _fetch_all
    self._result_cache = list(self._iterable_class(self))
                         ^^^^^^^^^^^^^^^^^^^^^^^^^^^^^^^^
  File "D:\PRUEBAS\drf-scrapping\venv\Lib\site-packages\django\db\models\query.py", line 91, in __iter__
    results = compiler.execute_sql(
              ^^^^^^^^^^^^^^^^^^^^^
  File "D:\PRUEBAS\drf-scrapping\venv\Lib\site-packages\django\db\models\sql\compiler.py", line 1621, in execute_sql
    cursor = self.connection.cursor()
             ^^^^^^^^^^^^^^^^^^^^^^^^
  File "D:\PRUEBAS\drf-scrapping\venv\Lib\site-packages\django\utils\asyncio.py", line 26, in inner
    return func(*args, **kwargs)
           ^^^^^^^^^^^^^^^^^^^^^
  File "D:\PRUEBAS\drf-scrapping\venv\Lib\site-packages\django\db\backends\base\base.py", line 320, in cursor
    return self._cursor()
           ^^^^^^^^^^^^^^
  File "D:\PRUEBAS\drf-scrapping\venv\Lib\site-packages\django\db\backends\base\base.py", line 296, in _cursor
    self.ensure_connection()
  File "D:\PRUEBAS\drf-scrapping\venv\Lib\site-packages\django\utils\asyncio.py", line 26, in inner
    return func(*args, **kwargs)
           ^^^^^^^^^^^^^^^^^^^^^
  File "D:\PRUEBAS\drf-scrapping\venv\Lib\site-packages\django\db\backends\base\base.py", line 278, in ensure_connection
    with self.wrap_database_errors:
         ^^^^^^^^^^^^^^^^^^^^^^^^^
  File "D:\PRUEBAS\drf-scrapping\venv\Lib\site-packages\django\db\utils.py", line 91, in __exit__
    raise dj_exc_value.with_traceback(traceback) from exc_value
  File "D:\PRUEBAS\drf-scrapping\venv\Lib\site-packages\django\db\backends\base\base.py", line 279, in ensure_connection
    self.connect()
  File "D:\PRUEBAS\drf-scrapping\venv\Lib\site-packages\django\utils\asyncio.py", line 26, in inner
    return func(*args, **kwargs)
           ^^^^^^^^^^^^^^^^^^^^^
  File "D:\PRUEBAS\drf-scrapping\venv\Lib\site-packages\django\db\backends\base\base.py", line 256, in connect
    self.connection = self.get_new_connection(conn_params)
                      ^^^^^^^^^^^^^^^^^^^^^^^^^^^^^^^^^^^^
  File "D:\PRUEBAS\drf-scrapping\venv\Lib\site-packages\django\utils\asyncio.py", line 26, in inner
    return func(*args, **kwargs)
           ^^^^^^^^^^^^^^^^^^^^^
  File "D:\PRUEBAS\drf-scrapping\venv\Lib\site-packages\django\db\backends\postgresql\base.py", line 332, in get_new_connection
    connection = self.Database.connect(**conn_params)
                 ^^^^^^^^^^^^^^^^^^^^^^^^^^^^^^^^^^^^
  File "D:\PRUEBAS\drf-scrapping\venv\Lib\site-packages\psycopg2\__init__.py", line 122, in connect
    conn = _connect(dsn, connection_factory=connection_factory, **kwasync)
           ^^^^^^^^^^^^^^^^^^^^^^^^^^^^^^^^^^^^^^^^^^^^^^^^^^^^^^^^^^^^^^^
django.db.utils.OperationalError: connection to server at "34.27.37.38", port 5432 failed: Connection timed out (0x0000274C/10060)
	Is the server running on that host and accepting TCP/IP connections?

2025-07-22 15:52:35,479 - ERROR - Internal Server Error: /api/novels/1/
Traceback (most recent call last):
  File "D:\PRUEBAS\drf-scrapping\venv\Lib\site-packages\django\db\backends\base\base.py", line 279, in ensure_connection
    self.connect()
  File "D:\PRUEBAS\drf-scrapping\venv\Lib\site-packages\django\utils\asyncio.py", line 26, in inner
    return func(*args, **kwargs)
           ^^^^^^^^^^^^^^^^^^^^^
  File "D:\PRUEBAS\drf-scrapping\venv\Lib\site-packages\django\db\backends\base\base.py", line 256, in connect
    self.connection = self.get_new_connection(conn_params)
                      ^^^^^^^^^^^^^^^^^^^^^^^^^^^^^^^^^^^^
  File "D:\PRUEBAS\drf-scrapping\venv\Lib\site-packages\django\utils\asyncio.py", line 26, in inner
    return func(*args, **kwargs)
           ^^^^^^^^^^^^^^^^^^^^^
  File "D:\PRUEBAS\drf-scrapping\venv\Lib\site-packages\django\db\backends\postgresql\base.py", line 332, in get_new_connection
    connection = self.Database.connect(**conn_params)
                 ^^^^^^^^^^^^^^^^^^^^^^^^^^^^^^^^^^^^
  File "D:\PRUEBAS\drf-scrapping\venv\Lib\site-packages\psycopg2\__init__.py", line 122, in connect
    conn = _connect(dsn, connection_factory=connection_factory, **kwasync)
           ^^^^^^^^^^^^^^^^^^^^^^^^^^^^^^^^^^^^^^^^^^^^^^^^^^^^^^^^^^^^^^^
psycopg2.OperationalError: connection to server at "34.27.37.38", port 5432 failed: Connection timed out (0x0000274C/10060)
	Is the server running on that host and accepting TCP/IP connections?


The above exception was the direct cause of the following exception:

Traceback (most recent call last):
  File "D:\PRUEBAS\drf-scrapping\venv\Lib\site-packages\django\core\handlers\exception.py", line 55, in inner
    response = get_response(request)
               ^^^^^^^^^^^^^^^^^^^^^
  File "D:\PRUEBAS\drf-scrapping\venv\Lib\site-packages\django\core\handlers\base.py", line 197, in _get_response
    response = wrapped_callback(request, *callback_args, **callback_kwargs)
               ^^^^^^^^^^^^^^^^^^^^^^^^^^^^^^^^^^^^^^^^^^^^^^^^^^^^^^^^^^^^
  File "D:\PRUEBAS\drf-scrapping\venv\Lib\site-packages\django\views\decorators\csrf.py", line 65, in _view_wrapper
    return view_func(request, *args, **kwargs)
           ^^^^^^^^^^^^^^^^^^^^^^^^^^^^^^^^^^^
  File "D:\PRUEBAS\drf-scrapping\venv\Lib\site-packages\rest_framework\viewsets.py", line 125, in view
    return self.dispatch(request, *args, **kwargs)
           ^^^^^^^^^^^^^^^^^^^^^^^^^^^^^^^^^^^^^^^
  File "D:\PRUEBAS\drf-scrapping\venv\Lib\site-packages\rest_framework\views.py", line 515, in dispatch
    response = self.handle_exception(exc)
               ^^^^^^^^^^^^^^^^^^^^^^^^^^
  File "D:\PRUEBAS\drf-scrapping\venv\Lib\site-packages\rest_framework\views.py", line 475, in handle_exception
    self.raise_uncaught_exception(exc)
  File "D:\PRUEBAS\drf-scrapping\venv\Lib\site-packages\rest_framework\views.py", line 486, in raise_uncaught_exception
    raise exc
  File "D:\PRUEBAS\drf-scrapping\venv\Lib\site-packages\rest_framework\views.py", line 512, in dispatch
    response = handler(request, *args, **kwargs)
               ^^^^^^^^^^^^^^^^^^^^^^^^^^^^^^^^^
  File "D:\PRUEBAS\drf-scrapping\venv\Lib\site-packages\rest_framework\mixins.py", line 54, in retrieve
    instance = self.get_object()
               ^^^^^^^^^^^^^^^^^
  File "D:\PRUEBAS\drf-scrapping\venv\Lib\site-packages\rest_framework\generics.py", line 100, in get_object
    obj = get_object_or_404(queryset, **filter_kwargs)
          ^^^^^^^^^^^^^^^^^^^^^^^^^^^^^^^^^^^^^^^^^^^^
  File "D:\PRUEBAS\drf-scrapping\venv\Lib\site-packages\rest_framework\generics.py", line 19, in get_object_or_404
    return _get_object_or_404(queryset, *filter_args, **filter_kwargs)
           ^^^^^^^^^^^^^^^^^^^^^^^^^^^^^^^^^^^^^^^^^^^^^^^^^^^^^^^^^^^
  File "D:\PRUEBAS\drf-scrapping\venv\Lib\site-packages\django\shortcuts.py", line 90, in get_object_or_404
    return queryset.get(*args, **kwargs)
           ^^^^^^^^^^^^^^^^^^^^^^^^^^^^^
  File "D:\PRUEBAS\drf-scrapping\venv\Lib\site-packages\django\db\models\query.py", line 629, in get
    num = len(clone)
          ^^^^^^^^^^
  File "D:\PRUEBAS\drf-scrapping\venv\Lib\site-packages\django\db\models\query.py", line 366, in __len__
    self._fetch_all()
  File "D:\PRUEBAS\drf-scrapping\venv\Lib\site-packages\django\db\models\query.py", line 1945, in _fetch_all
    self._result_cache = list(self._iterable_class(self))
                         ^^^^^^^^^^^^^^^^^^^^^^^^^^^^^^^^
  File "D:\PRUEBAS\drf-scrapping\venv\Lib\site-packages\django\db\models\query.py", line 91, in __iter__
    results = compiler.execute_sql(
              ^^^^^^^^^^^^^^^^^^^^^
  File "D:\PRUEBAS\drf-scrapping\venv\Lib\site-packages\django\db\models\sql\compiler.py", line 1621, in execute_sql
    cursor = self.connection.cursor()
             ^^^^^^^^^^^^^^^^^^^^^^^^
  File "D:\PRUEBAS\drf-scrapping\venv\Lib\site-packages\django\utils\asyncio.py", line 26, in inner
    return func(*args, **kwargs)
           ^^^^^^^^^^^^^^^^^^^^^
  File "D:\PRUEBAS\drf-scrapping\venv\Lib\site-packages\django\db\backends\base\base.py", line 320, in cursor
    return self._cursor()
           ^^^^^^^^^^^^^^
  File "D:\PRUEBAS\drf-scrapping\venv\Lib\site-packages\django\db\backends\base\base.py", line 296, in _cursor
    self.ensure_connection()
  File "D:\PRUEBAS\drf-scrapping\venv\Lib\site-packages\django\utils\asyncio.py", line 26, in inner
    return func(*args, **kwargs)
           ^^^^^^^^^^^^^^^^^^^^^
  File "D:\PRUEBAS\drf-scrapping\venv\Lib\site-packages\django\db\backends\base\base.py", line 278, in ensure_connection
    with self.wrap_database_errors:
         ^^^^^^^^^^^^^^^^^^^^^^^^^
  File "D:\PRUEBAS\drf-scrapping\venv\Lib\site-packages\django\db\utils.py", line 91, in __exit__
    raise dj_exc_value.with_traceback(traceback) from exc_value
  File "D:\PRUEBAS\drf-scrapping\venv\Lib\site-packages\django\db\backends\base\base.py", line 279, in ensure_connection
    self.connect()
  File "D:\PRUEBAS\drf-scrapping\venv\Lib\site-packages\django\utils\asyncio.py", line 26, in inner
    return func(*args, **kwargs)
           ^^^^^^^^^^^^^^^^^^^^^
  File "D:\PRUEBAS\drf-scrapping\venv\Lib\site-packages\django\db\backends\base\base.py", line 256, in connect
    self.connection = self.get_new_connection(conn_params)
                      ^^^^^^^^^^^^^^^^^^^^^^^^^^^^^^^^^^^^
  File "D:\PRUEBAS\drf-scrapping\venv\Lib\site-packages\django\utils\asyncio.py", line 26, in inner
    return func(*args, **kwargs)
           ^^^^^^^^^^^^^^^^^^^^^
  File "D:\PRUEBAS\drf-scrapping\venv\Lib\site-packages\django\db\backends\postgresql\base.py", line 332, in get_new_connection
    connection = self.Database.connect(**conn_params)
                 ^^^^^^^^^^^^^^^^^^^^^^^^^^^^^^^^^^^^
  File "D:\PRUEBAS\drf-scrapping\venv\Lib\site-packages\psycopg2\__init__.py", line 122, in connect
    conn = _connect(dsn, connection_factory=connection_factory, **kwasync)
           ^^^^^^^^^^^^^^^^^^^^^^^^^^^^^^^^^^^^^^^^^^^^^^^^^^^^^^^^^^^^^^^
django.db.utils.OperationalError: connection to server at "34.27.37.38", port 5432 failed: Connection timed out (0x0000274C/10060)
	Is the server running on that host and accepting TCP/IP connections?

2025-07-22 15:52:36,883 - ERROR - Internal Server Error: /api/novels/1/chapters/
Traceback (most recent call last):
  File "D:\PRUEBAS\drf-scrapping\venv\Lib\site-packages\django\db\backends\base\base.py", line 279, in ensure_connection
    self.connect()
  File "D:\PRUEBAS\drf-scrapping\venv\Lib\site-packages\django\utils\asyncio.py", line 26, in inner
    return func(*args, **kwargs)
           ^^^^^^^^^^^^^^^^^^^^^
  File "D:\PRUEBAS\drf-scrapping\venv\Lib\site-packages\django\db\backends\base\base.py", line 256, in connect
    self.connection = self.get_new_connection(conn_params)
                      ^^^^^^^^^^^^^^^^^^^^^^^^^^^^^^^^^^^^
  File "D:\PRUEBAS\drf-scrapping\venv\Lib\site-packages\django\utils\asyncio.py", line 26, in inner
    return func(*args, **kwargs)
           ^^^^^^^^^^^^^^^^^^^^^
  File "D:\PRUEBAS\drf-scrapping\venv\Lib\site-packages\django\db\backends\postgresql\base.py", line 332, in get_new_connection
    connection = self.Database.connect(**conn_params)
                 ^^^^^^^^^^^^^^^^^^^^^^^^^^^^^^^^^^^^
  File "D:\PRUEBAS\drf-scrapping\venv\Lib\site-packages\psycopg2\__init__.py", line 122, in connect
    conn = _connect(dsn, connection_factory=connection_factory, **kwasync)
           ^^^^^^^^^^^^^^^^^^^^^^^^^^^^^^^^^^^^^^^^^^^^^^^^^^^^^^^^^^^^^^^
psycopg2.OperationalError: connection to server at "34.27.37.38", port 5432 failed: Connection timed out (0x0000274C/10060)
	Is the server running on that host and accepting TCP/IP connections?


The above exception was the direct cause of the following exception:

Traceback (most recent call last):
  File "D:\PRUEBAS\drf-scrapping\venv\Lib\site-packages\django\core\handlers\exception.py", line 55, in inner
    response = get_response(request)
               ^^^^^^^^^^^^^^^^^^^^^
  File "D:\PRUEBAS\drf-scrapping\venv\Lib\site-packages\django\core\handlers\base.py", line 197, in _get_response
    response = wrapped_callback(request, *callback_args, **callback_kwargs)
               ^^^^^^^^^^^^^^^^^^^^^^^^^^^^^^^^^^^^^^^^^^^^^^^^^^^^^^^^^^^^
  File "D:\PRUEBAS\drf-scrapping\venv\Lib\site-packages\django\views\decorators\csrf.py", line 65, in _view_wrapper
    return view_func(request, *args, **kwargs)
           ^^^^^^^^^^^^^^^^^^^^^^^^^^^^^^^^^^^
  File "D:\PRUEBAS\drf-scrapping\venv\Lib\site-packages\rest_framework\viewsets.py", line 125, in view
    return self.dispatch(request, *args, **kwargs)
           ^^^^^^^^^^^^^^^^^^^^^^^^^^^^^^^^^^^^^^^
  File "D:\PRUEBAS\drf-scrapping\venv\Lib\site-packages\rest_framework\views.py", line 515, in dispatch
    response = self.handle_exception(exc)
               ^^^^^^^^^^^^^^^^^^^^^^^^^^
  File "D:\PRUEBAS\drf-scrapping\venv\Lib\site-packages\rest_framework\views.py", line 475, in handle_exception
    self.raise_uncaught_exception(exc)
  File "D:\PRUEBAS\drf-scrapping\venv\Lib\site-packages\rest_framework\views.py", line 486, in raise_uncaught_exception
    raise exc
  File "D:\PRUEBAS\drf-scrapping\venv\Lib\site-packages\rest_framework\views.py", line 512, in dispatch
    response = handler(request, *args, **kwargs)
               ^^^^^^^^^^^^^^^^^^^^^^^^^^^^^^^^^
  File "D:\PRUEBAS\drf-scrapping\venv\Lib\site-packages\rest_framework\mixins.py", line 46, in list
    return Response(serializer.data)
                    ^^^^^^^^^^^^^^^
  File "D:\PRUEBAS\drf-scrapping\venv\Lib\site-packages\rest_framework\serializers.py", line 797, in data
    ret = super().data
          ^^^^^^^^^^^^
  File "D:\PRUEBAS\drf-scrapping\venv\Lib\site-packages\rest_framework\serializers.py", line 251, in data
    self._data = self.to_representation(self.instance)
                 ^^^^^^^^^^^^^^^^^^^^^^^^^^^^^^^^^^^^^
  File "D:\PRUEBAS\drf-scrapping\venv\Lib\site-packages\rest_framework\serializers.py", line 716, in to_representation
    self.child.to_representation(item) for item in iterable
                                                   ^^^^^^^^
  File "D:\PRUEBAS\drf-scrapping\venv\Lib\site-packages\django\db\models\query.py", line 384, in __iter__
    self._fetch_all()
  File "D:\PRUEBAS\drf-scrapping\venv\Lib\site-packages\django\db\models\query.py", line 1945, in _fetch_all
    self._result_cache = list(self._iterable_class(self))
                         ^^^^^^^^^^^^^^^^^^^^^^^^^^^^^^^^
  File "D:\PRUEBAS\drf-scrapping\venv\Lib\site-packages\django\db\models\query.py", line 91, in __iter__
    results = compiler.execute_sql(
              ^^^^^^^^^^^^^^^^^^^^^
  File "D:\PRUEBAS\drf-scrapping\venv\Lib\site-packages\django\db\models\sql\compiler.py", line 1621, in execute_sql
    cursor = self.connection.cursor()
             ^^^^^^^^^^^^^^^^^^^^^^^^
  File "D:\PRUEBAS\drf-scrapping\venv\Lib\site-packages\django\utils\asyncio.py", line 26, in inner
    return func(*args, **kwargs)
           ^^^^^^^^^^^^^^^^^^^^^
  File "D:\PRUEBAS\drf-scrapping\venv\Lib\site-packages\django\db\backends\base\base.py", line 320, in cursor
    return self._cursor()
           ^^^^^^^^^^^^^^
  File "D:\PRUEBAS\drf-scrapping\venv\Lib\site-packages\django\db\backends\base\base.py", line 296, in _cursor
    self.ensure_connection()
  File "D:\PRUEBAS\drf-scrapping\venv\Lib\site-packages\django\utils\asyncio.py", line 26, in inner
    return func(*args, **kwargs)
           ^^^^^^^^^^^^^^^^^^^^^
  File "D:\PRUEBAS\drf-scrapping\venv\Lib\site-packages\django\db\backends\base\base.py", line 278, in ensure_connection
    with self.wrap_database_errors:
         ^^^^^^^^^^^^^^^^^^^^^^^^^
  File "D:\PRUEBAS\drf-scrapping\venv\Lib\site-packages\django\db\utils.py", line 91, in __exit__
    raise dj_exc_value.with_traceback(traceback) from exc_value
  File "D:\PRUEBAS\drf-scrapping\venv\Lib\site-packages\django\db\backends\base\base.py", line 279, in ensure_connection
    self.connect()
  File "D:\PRUEBAS\drf-scrapping\venv\Lib\site-packages\django\utils\asyncio.py", line 26, in inner
    return func(*args, **kwargs)
           ^^^^^^^^^^^^^^^^^^^^^
  File "D:\PRUEBAS\drf-scrapping\venv\Lib\site-packages\django\db\backends\base\base.py", line 256, in connect
    self.connection = self.get_new_connection(conn_params)
                      ^^^^^^^^^^^^^^^^^^^^^^^^^^^^^^^^^^^^
  File "D:\PRUEBAS\drf-scrapping\venv\Lib\site-packages\django\utils\asyncio.py", line 26, in inner
    return func(*args, **kwargs)
           ^^^^^^^^^^^^^^^^^^^^^
  File "D:\PRUEBAS\drf-scrapping\venv\Lib\site-packages\django\db\backends\postgresql\base.py", line 332, in get_new_connection
    connection = self.Database.connect(**conn_params)
                 ^^^^^^^^^^^^^^^^^^^^^^^^^^^^^^^^^^^^
  File "D:\PRUEBAS\drf-scrapping\venv\Lib\site-packages\psycopg2\__init__.py", line 122, in connect
    conn = _connect(dsn, connection_factory=connection_factory, **kwasync)
           ^^^^^^^^^^^^^^^^^^^^^^^^^^^^^^^^^^^^^^^^^^^^^^^^^^^^^^^^^^^^^^^
django.db.utils.OperationalError: connection to server at "34.27.37.38", port 5432 failed: Connection timed out (0x0000274C/10060)
	Is the server running on that host and accepting TCP/IP connections?

2025-07-22 15:52:56,562 - ERROR - Internal Server Error: /api/novels/1/chapters/
Traceback (most recent call last):
  File "D:\PRUEBAS\drf-scrapping\venv\Lib\site-packages\django\db\backends\base\base.py", line 279, in ensure_connection
    self.connect()
  File "D:\PRUEBAS\drf-scrapping\venv\Lib\site-packages\django\utils\asyncio.py", line 26, in inner
    return func(*args, **kwargs)
           ^^^^^^^^^^^^^^^^^^^^^
  File "D:\PRUEBAS\drf-scrapping\venv\Lib\site-packages\django\db\backends\base\base.py", line 256, in connect
    self.connection = self.get_new_connection(conn_params)
                      ^^^^^^^^^^^^^^^^^^^^^^^^^^^^^^^^^^^^
  File "D:\PRUEBAS\drf-scrapping\venv\Lib\site-packages\django\utils\asyncio.py", line 26, in inner
    return func(*args, **kwargs)
           ^^^^^^^^^^^^^^^^^^^^^
  File "D:\PRUEBAS\drf-scrapping\venv\Lib\site-packages\django\db\backends\postgresql\base.py", line 332, in get_new_connection
    connection = self.Database.connect(**conn_params)
                 ^^^^^^^^^^^^^^^^^^^^^^^^^^^^^^^^^^^^
  File "D:\PRUEBAS\drf-scrapping\venv\Lib\site-packages\psycopg2\__init__.py", line 122, in connect
    conn = _connect(dsn, connection_factory=connection_factory, **kwasync)
           ^^^^^^^^^^^^^^^^^^^^^^^^^^^^^^^^^^^^^^^^^^^^^^^^^^^^^^^^^^^^^^^
psycopg2.OperationalError: connection to server at "34.27.37.38", port 5432 failed: Connection timed out (0x0000274C/10060)
	Is the server running on that host and accepting TCP/IP connections?


The above exception was the direct cause of the following exception:

Traceback (most recent call last):
  File "D:\PRUEBAS\drf-scrapping\venv\Lib\site-packages\django\core\handlers\exception.py", line 55, in inner
    response = get_response(request)
               ^^^^^^^^^^^^^^^^^^^^^
  File "D:\PRUEBAS\drf-scrapping\venv\Lib\site-packages\django\core\handlers\base.py", line 197, in _get_response
    response = wrapped_callback(request, *callback_args, **callback_kwargs)
               ^^^^^^^^^^^^^^^^^^^^^^^^^^^^^^^^^^^^^^^^^^^^^^^^^^^^^^^^^^^^
  File "D:\PRUEBAS\drf-scrapping\venv\Lib\site-packages\django\views\decorators\csrf.py", line 65, in _view_wrapper
    return view_func(request, *args, **kwargs)
           ^^^^^^^^^^^^^^^^^^^^^^^^^^^^^^^^^^^
  File "D:\PRUEBAS\drf-scrapping\venv\Lib\site-packages\rest_framework\viewsets.py", line 125, in view
    return self.dispatch(request, *args, **kwargs)
           ^^^^^^^^^^^^^^^^^^^^^^^^^^^^^^^^^^^^^^^
  File "D:\PRUEBAS\drf-scrapping\venv\Lib\site-packages\rest_framework\views.py", line 515, in dispatch
    response = self.handle_exception(exc)
               ^^^^^^^^^^^^^^^^^^^^^^^^^^
  File "D:\PRUEBAS\drf-scrapping\venv\Lib\site-packages\rest_framework\views.py", line 475, in handle_exception
    self.raise_uncaught_exception(exc)
  File "D:\PRUEBAS\drf-scrapping\venv\Lib\site-packages\rest_framework\views.py", line 486, in raise_uncaught_exception
    raise exc
  File "D:\PRUEBAS\drf-scrapping\venv\Lib\site-packages\rest_framework\views.py", line 512, in dispatch
    response = handler(request, *args, **kwargs)
               ^^^^^^^^^^^^^^^^^^^^^^^^^^^^^^^^^
  File "D:\PRUEBAS\drf-scrapping\venv\Lib\site-packages\rest_framework\mixins.py", line 46, in list
    return Response(serializer.data)
                    ^^^^^^^^^^^^^^^
  File "D:\PRUEBAS\drf-scrapping\venv\Lib\site-packages\rest_framework\serializers.py", line 797, in data
    ret = super().data
          ^^^^^^^^^^^^
  File "D:\PRUEBAS\drf-scrapping\venv\Lib\site-packages\rest_framework\serializers.py", line 251, in data
    self._data = self.to_representation(self.instance)
                 ^^^^^^^^^^^^^^^^^^^^^^^^^^^^^^^^^^^^^
  File "D:\PRUEBAS\drf-scrapping\venv\Lib\site-packages\rest_framework\serializers.py", line 716, in to_representation
    self.child.to_representation(item) for item in iterable
                                                   ^^^^^^^^
  File "D:\PRUEBAS\drf-scrapping\venv\Lib\site-packages\django\db\models\query.py", line 384, in __iter__
    self._fetch_all()
  File "D:\PRUEBAS\drf-scrapping\venv\Lib\site-packages\django\db\models\query.py", line 1945, in _fetch_all
    self._result_cache = list(self._iterable_class(self))
                         ^^^^^^^^^^^^^^^^^^^^^^^^^^^^^^^^
  File "D:\PRUEBAS\drf-scrapping\venv\Lib\site-packages\django\db\models\query.py", line 91, in __iter__
    results = compiler.execute_sql(
              ^^^^^^^^^^^^^^^^^^^^^
  File "D:\PRUEBAS\drf-scrapping\venv\Lib\site-packages\django\db\models\sql\compiler.py", line 1621, in execute_sql
    cursor = self.connection.cursor()
             ^^^^^^^^^^^^^^^^^^^^^^^^
  File "D:\PRUEBAS\drf-scrapping\venv\Lib\site-packages\django\utils\asyncio.py", line 26, in inner
    return func(*args, **kwargs)
           ^^^^^^^^^^^^^^^^^^^^^
  File "D:\PRUEBAS\drf-scrapping\venv\Lib\site-packages\django\db\backends\base\base.py", line 320, in cursor
    return self._cursor()
           ^^^^^^^^^^^^^^
  File "D:\PRUEBAS\drf-scrapping\venv\Lib\site-packages\django\db\backends\base\base.py", line 296, in _cursor
    self.ensure_connection()
  File "D:\PRUEBAS\drf-scrapping\venv\Lib\site-packages\django\utils\asyncio.py", line 26, in inner
    return func(*args, **kwargs)
           ^^^^^^^^^^^^^^^^^^^^^
  File "D:\PRUEBAS\drf-scrapping\venv\Lib\site-packages\django\db\backends\base\base.py", line 278, in ensure_connection
    with self.wrap_database_errors:
         ^^^^^^^^^^^^^^^^^^^^^^^^^
  File "D:\PRUEBAS\drf-scrapping\venv\Lib\site-packages\django\db\utils.py", line 91, in __exit__
    raise dj_exc_value.with_traceback(traceback) from exc_value
  File "D:\PRUEBAS\drf-scrapping\venv\Lib\site-packages\django\db\backends\base\base.py", line 279, in ensure_connection
    self.connect()
  File "D:\PRUEBAS\drf-scrapping\venv\Lib\site-packages\django\utils\asyncio.py", line 26, in inner
    return func(*args, **kwargs)
           ^^^^^^^^^^^^^^^^^^^^^
  File "D:\PRUEBAS\drf-scrapping\venv\Lib\site-packages\django\db\backends\base\base.py", line 256, in connect
    self.connection = self.get_new_connection(conn_params)
                      ^^^^^^^^^^^^^^^^^^^^^^^^^^^^^^^^^^^^
  File "D:\PRUEBAS\drf-scrapping\venv\Lib\site-packages\django\utils\asyncio.py", line 26, in inner
    return func(*args, **kwargs)
           ^^^^^^^^^^^^^^^^^^^^^
  File "D:\PRUEBAS\drf-scrapping\venv\Lib\site-packages\django\db\backends\postgresql\base.py", line 332, in get_new_connection
    connection = self.Database.connect(**conn_params)
                 ^^^^^^^^^^^^^^^^^^^^^^^^^^^^^^^^^^^^
  File "D:\PRUEBAS\drf-scrapping\venv\Lib\site-packages\psycopg2\__init__.py", line 122, in connect
    conn = _connect(dsn, connection_factory=connection_factory, **kwasync)
           ^^^^^^^^^^^^^^^^^^^^^^^^^^^^^^^^^^^^^^^^^^^^^^^^^^^^^^^^^^^^^^^
django.db.utils.OperationalError: connection to server at "34.27.37.38", port 5432 failed: Connection timed out (0x0000274C/10060)
	Is the server running on that host and accepting TCP/IP connections?

2025-07-22 20:53:31,221 - ERROR - Internal Server Error: /api/novels/1/
Traceback (most recent call last):
  File "D:\PRUEBAS\drf-scrapping\venv\Lib\site-packages\django\db\backends\base\base.py", line 279, in ensure_connection
    self.connect()
  File "D:\PRUEBAS\drf-scrapping\venv\Lib\site-packages\django\utils\asyncio.py", line 26, in inner
    return func(*args, **kwargs)
           ^^^^^^^^^^^^^^^^^^^^^
  File "D:\PRUEBAS\drf-scrapping\venv\Lib\site-packages\django\db\backends\base\base.py", line 256, in connect
    self.connection = self.get_new_connection(conn_params)
                      ^^^^^^^^^^^^^^^^^^^^^^^^^^^^^^^^^^^^
  File "D:\PRUEBAS\drf-scrapping\venv\Lib\site-packages\django\utils\asyncio.py", line 26, in inner
    return func(*args, **kwargs)
           ^^^^^^^^^^^^^^^^^^^^^
  File "D:\PRUEBAS\drf-scrapping\venv\Lib\site-packages\django\db\backends\postgresql\base.py", line 332, in get_new_connection
    connection = self.Database.connect(**conn_params)
                 ^^^^^^^^^^^^^^^^^^^^^^^^^^^^^^^^^^^^
  File "D:\PRUEBAS\drf-scrapping\venv\Lib\site-packages\psycopg2\__init__.py", line 122, in connect
    conn = _connect(dsn, connection_factory=connection_factory, **kwasync)
           ^^^^^^^^^^^^^^^^^^^^^^^^^^^^^^^^^^^^^^^^^^^^^^^^^^^^^^^^^^^^^^^
psycopg2.OperationalError: connection to server at "34.27.37.38", port 5432 failed: Connection timed out (0x0000274C/10060)
	Is the server running on that host and accepting TCP/IP connections?


The above exception was the direct cause of the following exception:

Traceback (most recent call last):
  File "D:\PRUEBAS\drf-scrapping\venv\Lib\site-packages\django\core\handlers\exception.py", line 55, in inner
    response = get_response(request)
               ^^^^^^^^^^^^^^^^^^^^^
  File "D:\PRUEBAS\drf-scrapping\venv\Lib\site-packages\django\core\handlers\base.py", line 197, in _get_response
    response = wrapped_callback(request, *callback_args, **callback_kwargs)
               ^^^^^^^^^^^^^^^^^^^^^^^^^^^^^^^^^^^^^^^^^^^^^^^^^^^^^^^^^^^^
  File "D:\PRUEBAS\drf-scrapping\venv\Lib\site-packages\django\views\decorators\csrf.py", line 65, in _view_wrapper
    return view_func(request, *args, **kwargs)
           ^^^^^^^^^^^^^^^^^^^^^^^^^^^^^^^^^^^
  File "D:\PRUEBAS\drf-scrapping\venv\Lib\site-packages\rest_framework\viewsets.py", line 125, in view
    return self.dispatch(request, *args, **kwargs)
           ^^^^^^^^^^^^^^^^^^^^^^^^^^^^^^^^^^^^^^^
  File "D:\PRUEBAS\drf-scrapping\venv\Lib\site-packages\rest_framework\views.py", line 515, in dispatch
    response = self.handle_exception(exc)
               ^^^^^^^^^^^^^^^^^^^^^^^^^^
  File "D:\PRUEBAS\drf-scrapping\venv\Lib\site-packages\rest_framework\views.py", line 475, in handle_exception
    self.raise_uncaught_exception(exc)
  File "D:\PRUEBAS\drf-scrapping\venv\Lib\site-packages\rest_framework\views.py", line 486, in raise_uncaught_exception
    raise exc
  File "D:\PRUEBAS\drf-scrapping\venv\Lib\site-packages\rest_framework\views.py", line 512, in dispatch
    response = handler(request, *args, **kwargs)
               ^^^^^^^^^^^^^^^^^^^^^^^^^^^^^^^^^
  File "D:\PRUEBAS\drf-scrapping\venv\Lib\site-packages\rest_framework\mixins.py", line 54, in retrieve
    instance = self.get_object()
               ^^^^^^^^^^^^^^^^^
  File "D:\PRUEBAS\drf-scrapping\venv\Lib\site-packages\rest_framework\generics.py", line 100, in get_object
    obj = get_object_or_404(queryset, **filter_kwargs)
          ^^^^^^^^^^^^^^^^^^^^^^^^^^^^^^^^^^^^^^^^^^^^
  File "D:\PRUEBAS\drf-scrapping\venv\Lib\site-packages\rest_framework\generics.py", line 19, in get_object_or_404
    return _get_object_or_404(queryset, *filter_args, **filter_kwargs)
           ^^^^^^^^^^^^^^^^^^^^^^^^^^^^^^^^^^^^^^^^^^^^^^^^^^^^^^^^^^^
  File "D:\PRUEBAS\drf-scrapping\venv\Lib\site-packages\django\shortcuts.py", line 90, in get_object_or_404
    return queryset.get(*args, **kwargs)
           ^^^^^^^^^^^^^^^^^^^^^^^^^^^^^
  File "D:\PRUEBAS\drf-scrapping\venv\Lib\site-packages\django\db\models\query.py", line 629, in get
    num = len(clone)
          ^^^^^^^^^^
  File "D:\PRUEBAS\drf-scrapping\venv\Lib\site-packages\django\db\models\query.py", line 366, in __len__
    self._fetch_all()
  File "D:\PRUEBAS\drf-scrapping\venv\Lib\site-packages\django\db\models\query.py", line 1945, in _fetch_all
    self._result_cache = list(self._iterable_class(self))
                         ^^^^^^^^^^^^^^^^^^^^^^^^^^^^^^^^
  File "D:\PRUEBAS\drf-scrapping\venv\Lib\site-packages\django\db\models\query.py", line 91, in __iter__
    results = compiler.execute_sql(
              ^^^^^^^^^^^^^^^^^^^^^
  File "D:\PRUEBAS\drf-scrapping\venv\Lib\site-packages\django\db\models\sql\compiler.py", line 1621, in execute_sql
    cursor = self.connection.cursor()
             ^^^^^^^^^^^^^^^^^^^^^^^^
  File "D:\PRUEBAS\drf-scrapping\venv\Lib\site-packages\django\utils\asyncio.py", line 26, in inner
    return func(*args, **kwargs)
           ^^^^^^^^^^^^^^^^^^^^^
  File "D:\PRUEBAS\drf-scrapping\venv\Lib\site-packages\django\db\backends\base\base.py", line 320, in cursor
    return self._cursor()
           ^^^^^^^^^^^^^^
  File "D:\PRUEBAS\drf-scrapping\venv\Lib\site-packages\django\db\backends\base\base.py", line 296, in _cursor
    self.ensure_connection()
  File "D:\PRUEBAS\drf-scrapping\venv\Lib\site-packages\django\utils\asyncio.py", line 26, in inner
    return func(*args, **kwargs)
           ^^^^^^^^^^^^^^^^^^^^^
  File "D:\PRUEBAS\drf-scrapping\venv\Lib\site-packages\django\db\backends\base\base.py", line 278, in ensure_connection
    with self.wrap_database_errors:
         ^^^^^^^^^^^^^^^^^^^^^^^^^
  File "D:\PRUEBAS\drf-scrapping\venv\Lib\site-packages\django\db\utils.py", line 91, in __exit__
    raise dj_exc_value.with_traceback(traceback) from exc_value
  File "D:\PRUEBAS\drf-scrapping\venv\Lib\site-packages\django\db\backends\base\base.py", line 279, in ensure_connection
    self.connect()
  File "D:\PRUEBAS\drf-scrapping\venv\Lib\site-packages\django\utils\asyncio.py", line 26, in inner
    return func(*args, **kwargs)
           ^^^^^^^^^^^^^^^^^^^^^
  File "D:\PRUEBAS\drf-scrapping\venv\Lib\site-packages\django\db\backends\base\base.py", line 256, in connect
    self.connection = self.get_new_connection(conn_params)
                      ^^^^^^^^^^^^^^^^^^^^^^^^^^^^^^^^^^^^
  File "D:\PRUEBAS\drf-scrapping\venv\Lib\site-packages\django\utils\asyncio.py", line 26, in inner
    return func(*args, **kwargs)
           ^^^^^^^^^^^^^^^^^^^^^
  File "D:\PRUEBAS\drf-scrapping\venv\Lib\site-packages\django\db\backends\postgresql\base.py", line 332, in get_new_connection
    connection = self.Database.connect(**conn_params)
                 ^^^^^^^^^^^^^^^^^^^^^^^^^^^^^^^^^^^^
  File "D:\PRUEBAS\drf-scrapping\venv\Lib\site-packages\psycopg2\__init__.py", line 122, in connect
    conn = _connect(dsn, connection_factory=connection_factory, **kwasync)
           ^^^^^^^^^^^^^^^^^^^^^^^^^^^^^^^^^^^^^^^^^^^^^^^^^^^^^^^^^^^^^^^
django.db.utils.OperationalError: connection to server at "34.27.37.38", port 5432 failed: Connection timed out (0x0000274C/10060)
	Is the server running on that host and accepting TCP/IP connections?

2025-07-22 20:53:52,291 - ERROR - Internal Server Error: /api/novels/1/chapters/
Traceback (most recent call last):
  File "D:\PRUEBAS\drf-scrapping\venv\Lib\site-packages\django\db\backends\base\base.py", line 279, in ensure_connection
    self.connect()
  File "D:\PRUEBAS\drf-scrapping\venv\Lib\site-packages\django\utils\asyncio.py", line 26, in inner
    return func(*args, **kwargs)
           ^^^^^^^^^^^^^^^^^^^^^
  File "D:\PRUEBAS\drf-scrapping\venv\Lib\site-packages\django\db\backends\base\base.py", line 256, in connect
    self.connection = self.get_new_connection(conn_params)
                      ^^^^^^^^^^^^^^^^^^^^^^^^^^^^^^^^^^^^
  File "D:\PRUEBAS\drf-scrapping\venv\Lib\site-packages\django\utils\asyncio.py", line 26, in inner
    return func(*args, **kwargs)
           ^^^^^^^^^^^^^^^^^^^^^
  File "D:\PRUEBAS\drf-scrapping\venv\Lib\site-packages\django\db\backends\postgresql\base.py", line 332, in get_new_connection
    connection = self.Database.connect(**conn_params)
                 ^^^^^^^^^^^^^^^^^^^^^^^^^^^^^^^^^^^^
  File "D:\PRUEBAS\drf-scrapping\venv\Lib\site-packages\psycopg2\__init__.py", line 122, in connect
    conn = _connect(dsn, connection_factory=connection_factory, **kwasync)
           ^^^^^^^^^^^^^^^^^^^^^^^^^^^^^^^^^^^^^^^^^^^^^^^^^^^^^^^^^^^^^^^
psycopg2.OperationalError: connection to server at "34.27.37.38", port 5432 failed: Connection timed out (0x0000274C/10060)
	Is the server running on that host and accepting TCP/IP connections?


The above exception was the direct cause of the following exception:

Traceback (most recent call last):
  File "D:\PRUEBAS\drf-scrapping\venv\Lib\site-packages\django\core\handlers\exception.py", line 55, in inner
    response = get_response(request)
               ^^^^^^^^^^^^^^^^^^^^^
  File "D:\PRUEBAS\drf-scrapping\venv\Lib\site-packages\django\core\handlers\base.py", line 197, in _get_response
    response = wrapped_callback(request, *callback_args, **callback_kwargs)
               ^^^^^^^^^^^^^^^^^^^^^^^^^^^^^^^^^^^^^^^^^^^^^^^^^^^^^^^^^^^^
  File "D:\PRUEBAS\drf-scrapping\venv\Lib\site-packages\django\views\decorators\csrf.py", line 65, in _view_wrapper
    return view_func(request, *args, **kwargs)
           ^^^^^^^^^^^^^^^^^^^^^^^^^^^^^^^^^^^
  File "D:\PRUEBAS\drf-scrapping\venv\Lib\site-packages\rest_framework\viewsets.py", line 125, in view
    return self.dispatch(request, *args, **kwargs)
           ^^^^^^^^^^^^^^^^^^^^^^^^^^^^^^^^^^^^^^^
  File "D:\PRUEBAS\drf-scrapping\venv\Lib\site-packages\rest_framework\views.py", line 515, in dispatch
    response = self.handle_exception(exc)
               ^^^^^^^^^^^^^^^^^^^^^^^^^^
  File "D:\PRUEBAS\drf-scrapping\venv\Lib\site-packages\rest_framework\views.py", line 475, in handle_exception
    self.raise_uncaught_exception(exc)
  File "D:\PRUEBAS\drf-scrapping\venv\Lib\site-packages\rest_framework\views.py", line 486, in raise_uncaught_exception
    raise exc
  File "D:\PRUEBAS\drf-scrapping\venv\Lib\site-packages\rest_framework\views.py", line 512, in dispatch
    response = handler(request, *args, **kwargs)
               ^^^^^^^^^^^^^^^^^^^^^^^^^^^^^^^^^
  File "D:\PRUEBAS\drf-scrapping\venv\Lib\site-packages\rest_framework\mixins.py", line 46, in list
    return Response(serializer.data)
                    ^^^^^^^^^^^^^^^
  File "D:\PRUEBAS\drf-scrapping\venv\Lib\site-packages\rest_framework\serializers.py", line 797, in data
    ret = super().data
          ^^^^^^^^^^^^
  File "D:\PRUEBAS\drf-scrapping\venv\Lib\site-packages\rest_framework\serializers.py", line 251, in data
    self._data = self.to_representation(self.instance)
                 ^^^^^^^^^^^^^^^^^^^^^^^^^^^^^^^^^^^^^
  File "D:\PRUEBAS\drf-scrapping\venv\Lib\site-packages\rest_framework\serializers.py", line 716, in to_representation
    self.child.to_representation(item) for item in iterable
                                                   ^^^^^^^^
  File "D:\PRUEBAS\drf-scrapping\venv\Lib\site-packages\django\db\models\query.py", line 384, in __iter__
    self._fetch_all()
  File "D:\PRUEBAS\drf-scrapping\venv\Lib\site-packages\django\db\models\query.py", line 1945, in _fetch_all
    self._result_cache = list(self._iterable_class(self))
                         ^^^^^^^^^^^^^^^^^^^^^^^^^^^^^^^^
  File "D:\PRUEBAS\drf-scrapping\venv\Lib\site-packages\django\db\models\query.py", line 91, in __iter__
    results = compiler.execute_sql(
              ^^^^^^^^^^^^^^^^^^^^^
  File "D:\PRUEBAS\drf-scrapping\venv\Lib\site-packages\django\db\models\sql\compiler.py", line 1621, in execute_sql
    cursor = self.connection.cursor()
             ^^^^^^^^^^^^^^^^^^^^^^^^
  File "D:\PRUEBAS\drf-scrapping\venv\Lib\site-packages\django\utils\asyncio.py", line 26, in inner
    return func(*args, **kwargs)
           ^^^^^^^^^^^^^^^^^^^^^
  File "D:\PRUEBAS\drf-scrapping\venv\Lib\site-packages\django\db\backends\base\base.py", line 320, in cursor
    return self._cursor()
           ^^^^^^^^^^^^^^
  File "D:\PRUEBAS\drf-scrapping\venv\Lib\site-packages\django\db\backends\base\base.py", line 296, in _cursor
    self.ensure_connection()
  File "D:\PRUEBAS\drf-scrapping\venv\Lib\site-packages\django\utils\asyncio.py", line 26, in inner
    return func(*args, **kwargs)
           ^^^^^^^^^^^^^^^^^^^^^
  File "D:\PRUEBAS\drf-scrapping\venv\Lib\site-packages\django\db\backends\base\base.py", line 278, in ensure_connection
    with self.wrap_database_errors:
         ^^^^^^^^^^^^^^^^^^^^^^^^^
  File "D:\PRUEBAS\drf-scrapping\venv\Lib\site-packages\django\db\utils.py", line 91, in __exit__
    raise dj_exc_value.with_traceback(traceback) from exc_value
  File "D:\PRUEBAS\drf-scrapping\venv\Lib\site-packages\django\db\backends\base\base.py", line 279, in ensure_connection
    self.connect()
  File "D:\PRUEBAS\drf-scrapping\venv\Lib\site-packages\django\utils\asyncio.py", line 26, in inner
    return func(*args, **kwargs)
           ^^^^^^^^^^^^^^^^^^^^^
  File "D:\PRUEBAS\drf-scrapping\venv\Lib\site-packages\django\db\backends\base\base.py", line 256, in connect
    self.connection = self.get_new_connection(conn_params)
                      ^^^^^^^^^^^^^^^^^^^^^^^^^^^^^^^^^^^^
  File "D:\PRUEBAS\drf-scrapping\venv\Lib\site-packages\django\utils\asyncio.py", line 26, in inner
    return func(*args, **kwargs)
           ^^^^^^^^^^^^^^^^^^^^^
  File "D:\PRUEBAS\drf-scrapping\venv\Lib\site-packages\django\db\backends\postgresql\base.py", line 332, in get_new_connection
    connection = self.Database.connect(**conn_params)
                 ^^^^^^^^^^^^^^^^^^^^^^^^^^^^^^^^^^^^
  File "D:\PRUEBAS\drf-scrapping\venv\Lib\site-packages\psycopg2\__init__.py", line 122, in connect
    conn = _connect(dsn, connection_factory=connection_factory, **kwasync)
           ^^^^^^^^^^^^^^^^^^^^^^^^^^^^^^^^^^^^^^^^^^^^^^^^^^^^^^^^^^^^^^^
django.db.utils.OperationalError: connection to server at "34.27.37.38", port 5432 failed: Connection timed out (0x0000274C/10060)
	Is the server running on that host and accepting TCP/IP connections?

